{"meta": {"format": 3, "version": "7.13.5", "timestamp": "2026-04-06T00:35:34.237163", "branch_coverage": false, "show_contexts": false}, "files": {"src\\anomalias\\__init__.py": {"executed_lines": [], "summary": {"covered_lines": 0, "num_statements": 0, "percent_covered": 100.0, "percent_covered_display": "100", "missing_lines": 0, "excluded_lines": 0, "percent_statements_covered": 100.0, "percent_statements_covered_display": "100"}, "missing_lines": [], "excluded_lines": [], "functions": {"": {"executed_lines": [], "summary": {"covered_lines": 0, "num_statements": 0, "percent_covered": 100.0, "percent_covered_display": "100", "missing_lines": 0, "excluded_lines": 0, "percent_statements_covered": 100.0, "percent_statements_covered_display": "100"}, "missing_lines": [], "excluded_lines": [], "start_line": 1}}, "classes": {"": {"executed_lines": [], "summary": {"covered_lines": 0, "num_statements": 0, "percent_covered": 100.0, "percent_covered_display": "100", "missing_lines": 0, "excluded_lines": 0, "percent_statements_covered": 100.0, "percent_statements_covered_display": "100"}, "missing_lines": [], "excluded_lines": [], "start_line": 1}}}, "src\\auth\\__init__.py": {"executed_lines": [6, 7, 8, 9, 10, 11, 12, 13, 15], "summary": {"covered_lines": 9, "num_statements": 9, "percent_covered": 100.0, "percent_covered_display": "100", "missing_lines": 0, "excluded_lines": 0, "percent_statements_covered": 100.0, "percent_statements_covered_display": "100"}, "missing_lines": [], "excluded_lines": [], "functions": {"": {"executed_lines": [6, 7, 8, 9, 10, 11, 12, 13, 15], "summary": {"covered_lines": 9, "num_statements": 9, "percent_covered": 100.0, "percent_covered_display": "100", "missing_lines": 0, "excluded_lines": 0, "percent_statements_covered": 100.0, "percent_statements_covered_display": "100"}, "missing_lines": [], "excluded_lines": [], "start_line": 1}}, "classes": {"": {"executed_lines": [6, 7, 8, 9, 10, 11, 12, 13, 15], "summary": {"covered_lines": 9, "num_statements": 9, "percent_covered": 100.0, "percent_covered_display": "100", "missing_lines": 0, "excluded_lines": 0, "percent_statements_covered": 100.0, "percent_statements_covered_display": "100"}, "missing_lines": [], "excluded_lines": [], "start_line": 1}}}, "src\\auth\\cambiar_contrase\u00f1a.py": {"executed_lines": [7, 8, 9, 12, 34, 35, 36, 37, 42, 43, 44, 45, 47, 48, 49, 50, 51, 54, 56, 57, 63, 64, 66, 67, 70, 71, 73, 81], "summary": {"covered_lines": 28, "num_statements": 28, "percent_covered": 100.0, "percent_covered_display": "100", "missing_lines": 0, "excluded_lines": 0, "percent_statements_covered": 100.0, "percent_statements_covered_display": "100"}, "missing_lines": [], "excluded_lines": [], "functions": {"cambiar_contrase\u00f1a": {"executed_lines": [34, 35, 36, 37, 42, 43, 44, 45, 47, 48, 49, 50, 51, 54, 56, 57, 63, 64, 66, 67, 70, 71, 73, 81], "summary": {"covered_lines": 24, "num_statements": 24, "percent_covered": 100.0, "percent_covered_display": "100", "missing_lines": 0, "excluded_lines": 0, "percent_statements_covered": 100.0, "percent_statements_covered_display": "100"}, "missing_lines": [], "excluded_lines": [], "start_line": 12}, "": {"executed_lines": [7, 8, 9, 12], "summary": {"covered_lines": 4, "num_statements": 4, "percent_covered": 100.0, "percent_covered_display": "100", "missing_lines": 0, "excluded_lines": 0, "percent_statements_covered": 100.0, "percent_statements_covered_display": "100"}, "missing_lines": [], "excluded_lines": [], "start_line": 1}}, "classes": {"": {"executed_lines": [7, 8, 9, 12, 34, 35, 36, 37, 42, 43, 44, 45, 47, 48, 49, 50, 51, 54, 56, 57, 63, 64, 66, 67, 70, 71, 73, 81], "summary": {"covered_lines": 28, "num_statements": 28, "percent_covered": 100.0, "percent_covered_display": "100", "missing_lines": 0, "excluded_lines": 0, "percent_statements_covered": 100.0, "percent_statements_covered_display": "100"}, "missing_lines": [], "excluded_lines": [], "start_line": 1}}}, "src\\auth\\exportar_contrase\u00f1a.py": {"executed_lines": [6, 7, 8, 9, 12, 31, 32, 33, 34, 36, 37, 38, 39, 41, 42, 43, 44, 45, 48, 49, 50, 52, 53, 55, 56, 59, 60, 63, 66, 74, 77, 80, 81, 82, 84, 85, 87], "summary": {"covered_lines": 37, "num_statements": 38, "percent_covered": 97.36842105263158, "percent_covered_display": "97", "missing_lines": 1, "excluded_lines": 0, "percent_statements_covered": 97.36842105263158, "percent_statements_covered_display": "97"}, "missing_lines": [61], "excluded_lines": [], "functions": {"exportar_contrase\u00f1a": {"executed_lines": [31, 32, 33, 34, 36, 37, 38, 39, 41, 42, 43, 44, 45, 48, 49, 50, 52, 53, 55, 56, 59, 60, 63, 66, 74, 77, 80, 81, 82, 84, 85, 87], "summary": {"covered_lines": 32, "num_statements": 33, "percent_covered": 96.96969696969697, "percent_covered_display": "97", "missing_lines": 1, "excluded_lines": 0, "percent_statements_covered": 96.96969696969697, "percent_statements_covered_display": "97"}, "missing_lines": [61], "excluded_lines": [], "start_line": 12}, "": {"executed_lines": [6, 7, 8, 9, 12], "summary": {"covered_lines": 5, "num_statements": 5, "percent_covered": 100.0, "percent_covered_display": "100", "missing_lines": 0, "excluded_lines": 0, "percent_statements_covered": 100.0, "percent_statements_covered_display": "100"}, "missing_lines": [], "excluded_lines": [], "start_line": 1}}, "classes": {"": {"executed_lines": [6, 7, 8, 9, 12, 31, 32, 33, 34, 36, 37, 38, 39, 41, 42, 43, 44, 45, 48, 49, 50, 52, 53, 55, 56, 59, 60, 63, 66, 74, 77, 80, 81, 82, 84, 85, 87], "summary": {"covered_lines": 37, "num_statements": 38, "percent_covered": 97.36842105263158, "percent_covered_display": "97", "missing_lines": 1, "excluded_lines": 0, "percent_statements_covered": 97.36842105263158, "percent_statements_covered_display": "97"}, "missing_lines": [61], "excluded_lines": [], "start_line": 1}}}, "src\\auth\\login.py": {"executed_lines": [6, 7, 8, 9, 12, 39, 40, 41, 42, 44, 46, 47, 48, 49, 52, 53, 55, 56, 59, 60, 63, 64, 65, 68, 74, 75, 77], "summary": {"covered_lines": 27, "num_statements": 27, "percent_covered": 100.0, "percent_covered_display": "100", "missing_lines": 0, "excluded_lines": 0, "percent_statements_covered": 100.0, "percent_statements_covered_display": "100"}, "missing_lines": [], "excluded_lines": [], "functions": {"iniciar_sesion": {"executed_lines": [39, 40, 41, 42, 44, 46, 47, 48, 49, 52, 53, 55, 56, 59, 60, 63, 64, 65, 68, 74, 75, 77], "summary": {"covered_lines": 22, "num_statements": 22, "percent_covered": 100.0, "percent_covered_display": "100", "missing_lines": 0, "excluded_lines": 0, "percent_statements_covered": 100.0, "percent_statements_covered_display": "100"}, "missing_lines": [], "excluded_lines": [], "start_line": 12}, "": {"executed_lines": [6, 7, 8, 9, 12], "summary": {"covered_lines": 5, "num_statements": 5, "percent_covered": 100.0, "percent_covered_display": "100", "missing_lines": 0, "excluded_lines": 0, "percent_statements_covered": 100.0, "percent_statements_covered_display": "100"}, "missing_lines": [], "excluded_lines": [], "start_line": 1}}, "classes": {"": {"executed_lines": [6, 7, 8, 9, 12, 39, 40, 41, 42, 44, 46, 47, 48, 49, 52, 53, 55, 56, 59, 60, 63, 64, 65, 68, 74, 75, 77], "summary": {"covered_lines": 27, "num_statements": 27, "percent_covered": 100.0, "percent_covered_display": "100", "missing_lines": 0, "excluded_lines": 0, "percent_statements_covered": 100.0, "percent_statements_covered_display": "100"}, "missing_lines": [], "excluded_lines": [], "start_line": 1}}}, "src\\auth\\logout.py": {"executed_lines": [6, 9, 24, 25, 26, 27, 29], "summary": {"covered_lines": 7, "num_statements": 7, "percent_covered": 100.0, "percent_covered_display": "100", "missing_lines": 0, "excluded_lines": 0, "percent_statements_covered": 100.0, "percent_statements_covered_display": "100"}, "missing_lines": [], "excluded_lines": [], "functions": {"cerrar_sesion": {"executed_lines": [24, 25, 26, 27, 29], "summary": {"covered_lines": 5, "num_statements": 5, "percent_covered": 100.0, "percent_covered_display": "100", "missing_lines": 0, "excluded_lines": 0, "percent_statements_covered": 100.0, "percent_statements_covered_display": "100"}, "missing_lines": [], "excluded_lines": [], "start_line": 9}, "": {"executed_lines": [6, 9], "summary": {"covered_lines": 2, "num_statements": 2, "percent_covered": 100.0, "percent_covered_display": "100", "missing_lines": 0, "excluded_lines": 0, "percent_statements_covered": 100.0, "percent_statements_covered_display": "100"}, "missing_lines": [], "excluded_lines": [], "start_line": 1}}, "classes": {"": {"executed_lines": [6, 9, 24, 25, 26, 27, 29], "summary": {"covered_lines": 7, "num_statements": 7, "percent_covered": 100.0, "percent_covered_display": "100", "missing_lines": 0, "excluded_lines": 0, "percent_statements_covered": 100.0, "percent_statements_covered_display": "100"}, "missing_lines": [], "excluded_lines": [], "start_line": 1}}}, "src\\auth\\pin_diario.py": {"executed_lines": [], "summary": {"covered_lines": 0, "num_statements": 33, "percent_covered": 0.0, "percent_covered_display": "0", "missing_lines": 33, "excluded_lines": 0, "percent_statements_covered": 0.0, "percent_statements_covered_display": "0"}, "missing_lines": [7, 8, 9, 10, 13, 19, 20, 21, 22, 23, 26, 27, 28, 33, 34, 37, 38, 40, 48, 55, 56, 57, 58, 59, 61, 62, 63, 68, 69, 71, 73, 74, 79], "excluded_lines": [], "functions": {"generar_pin_diario": {"executed_lines": [], "summary": {"covered_lines": 0, "num_statements": 13, "percent_covered": 0.0, "percent_covered_display": "0", "missing_lines": 13, "excluded_lines": 0, "percent_statements_covered": 0.0, "percent_statements_covered_display": "0"}, "missing_lines": [19, 20, 21, 22, 23, 26, 27, 28, 33, 34, 37, 38, 40], "excluded_lines": [], "start_line": 13}, "verificar_pin_diario": {"executed_lines": [], "summary": {"covered_lines": 0, "num_statements": 14, "percent_covered": 0.0, "percent_covered_display": "0", "missing_lines": 14, "excluded_lines": 0, "percent_statements_covered": 0.0, "percent_statements_covered_display": "0"}, "missing_lines": [55, 56, 57, 58, 59, 61, 62, 63, 68, 69, 71, 73, 74, 79], "excluded_lines": [], "start_line": 48}, "": {"executed_lines": [], "summary": {"covered_lines": 0, "num_statements": 6, "percent_covered": 0.0, "percent_covered_display": "0", "missing_lines": 6, "excluded_lines": 0, "percent_statements_covered": 0.0, "percent_statements_covered_display": "0"}, "missing_lines": [7, 8, 9, 10, 13, 48], "excluded_lines": [], "start_line": 1}}, "classes": {"": {"executed_lines": [], "summary": {"covered_lines": 0, "num_statements": 33, "percent_covered": 0.0, "percent_covered_display": "0", "missing_lines": 33, "excluded_lines": 0, "percent_statements_covered": 0.0, "percent_statements_covered_display": "0"}, "missing_lines": [7, 8, 9, 10, 13, 19, 20, 21, 22, 23, 26, 27, 28, 33, 34, 37, 38, 40, 48, 55, 56, 57, 58, 59, 61, 62, 63, 68, 69, 71, 73, 74, 79], "excluded_lines": [], "start_line": 1}}}, "src\\auth\\regenerar_contrase\u00f1a.py": {"executed_lines": [6, 7, 8, 11, 35, 36, 37, 38, 43, 44, 46, 47, 48, 49, 50, 52, 53, 55, 56, 59, 62, 63, 66, 75], "summary": {"covered_lines": 24, "num_statements": 24, "percent_covered": 100.0, "percent_covered_display": "100", "missing_lines": 0, "excluded_lines": 0, "percent_statements_covered": 100.0, "percent_statements_covered_display": "100"}, "missing_lines": [], "excluded_lines": [], "functions": {"regenerar_contrase\u00f1a": {"executed_lines": [35, 36, 37, 38, 43, 44, 46, 47, 48, 49, 50, 52, 53, 55, 56, 59, 62, 63, 66, 75], "summary": {"covered_lines": 20, "num_statements": 20, "percent_covered": 100.0, "percent_covered_display": "100", "missing_lines": 0, "excluded_lines": 0, "percent_statements_covered": 100.0, "percent_statements_covered_display": "100"}, "missing_lines": [], "excluded_lines": [], "start_line": 11}, "": {"executed_lines": [6, 7, 8, 11], "summary": {"covered_lines": 4, "num_statements": 4, "percent_covered": 100.0, "percent_covered_display": "100", "missing_lines": 0, "excluded_lines": 0, "percent_statements_covered": 100.0, "percent_statements_covered_display": "100"}, "missing_lines": [], "excluded_lines": [], "start_line": 1}}, "classes": {"": {"executed_lines": [6, 7, 8, 11, 35, 36, 37, 38, 43, 44, 46, 47, 48, 49, 50, 52, 53, 55, 56, 59, 62, 63, 66, 75], "summary": {"covered_lines": 24, "num_statements": 24, "percent_covered": 100.0, "percent_covered_display": "100", "missing_lines": 0, "excluded_lines": 0, "percent_statements_covered": 100.0, "percent_statements_covered_display": "100"}, "missing_lines": [], "excluded_lines": [], "start_line": 1}}}, "src\\auth\\registro.py": {"executed_lines": [6, 7, 8, 9, 12, 49, 50, 51, 52, 53, 54, 55, 56, 62, 63, 64, 66, 67, 68, 69, 71, 72, 73, 76, 79, 82, 85, 88, 89, 96, 97, 99], "summary": {"covered_lines": 32, "num_statements": 32, "percent_covered": 100.0, "percent_covered_display": "100", "missing_lines": 0, "excluded_lines": 0, "percent_statements_covered": 100.0, "percent_statements_covered_display": "100"}, "missing_lines": [], "excluded_lines": [], "functions": {"registrar_usuario": {"executed_lines": [49, 50, 51, 52, 53, 54, 55, 56, 62, 63, 64, 66, 67, 68, 69, 71, 72, 73, 76, 79, 82, 85, 88, 89, 96, 97, 99], "summary": {"covered_lines": 27, "num_statements": 27, "percent_covered": 100.0, "percent_covered_display": "100", "missing_lines": 0, "excluded_lines": 0, "percent_statements_covered": 100.0, "percent_statements_covered_display": "100"}, "missing_lines": [], "excluded_lines": [], "start_line": 12}, "": {"executed_lines": [6, 7, 8, 9, 12], "summary": {"covered_lines": 5, "num_statements": 5, "percent_covered": 100.0, "percent_covered_display": "100", "missing_lines": 0, "excluded_lines": 0, "percent_statements_covered": 100.0, "percent_statements_covered_display": "100"}, "missing_lines": [], "excluded_lines": [], "start_line": 1}}, "classes": {"": {"executed_lines": [6, 7, 8, 9, 12, 49, 50, 51, 52, 53, 54, 55, 56, 62, 63, 64, 66, 67, 68, 69, 71, 72, 73, 76, 79, 82, 85, 88, 89, 96, 97, 99], "summary": {"covered_lines": 32, "num_statements": 32, "percent_covered": 100.0, "percent_covered_display": "100", "missing_lines": 0, "excluded_lines": 0, "percent_statements_covered": 100.0, "percent_statements_covered_display": "100"}, "missing_lines": [], "excluded_lines": [], "start_line": 1}}}, "src\\auth\\sesion.py": {"executed_lines": [6, 7, 10, 25, 26, 27, 28, 30, 31, 32, 33, 35, 36, 37, 38, 39, 41, 48, 49, 50, 52, 55, 70, 71, 72, 73, 75, 76, 81, 82, 85, 86, 87, 89, 90, 91, 92, 93, 102, 103, 105, 108, 111, 126, 127, 128, 131, 132, 134, 135, 137, 138, 140, 145], "summary": {"covered_lines": 54, "num_statements": 58, "percent_covered": 93.10344827586206, "percent_covered_display": "93", "missing_lines": 4, "excluded_lines": 0, "percent_statements_covered": 93.10344827586206, "percent_statements_covered_display": "93"}, "missing_lines": [95, 99, 106, 129], "excluded_lines": [], "functions": {"crear_sesion": {"executed_lines": [25, 26, 27, 28, 30, 31, 32, 33, 35, 36, 37, 38, 39, 41, 48, 49, 50, 52], "summary": {"covered_lines": 18, "num_statements": 18, "percent_covered": 100.0, "percent_covered_display": "100", "missing_lines": 0, "excluded_lines": 0, "percent_statements_covered": 100.0, "percent_statements_covered_display": "100"}, "missing_lines": [], "excluded_lines": [], "start_line": 10}, "verificar_sesion": {"executed_lines": [70, 71, 72, 73, 75, 76, 81, 82, 85, 86, 87, 89, 90, 91, 92, 93, 102, 103, 105, 108], "summary": {"covered_lines": 20, "num_statements": 23, "percent_covered": 86.95652173913044, "percent_covered_display": "87", "missing_lines": 3, "excluded_lines": 0, "percent_statements_covered": 86.95652173913044, "percent_statements_covered_display": "87"}, "missing_lines": [95, 99, 106], "excluded_lines": [], "start_line": 55}, "cerrar_sesion_por_token": {"executed_lines": [126, 127, 128, 131, 132, 134, 135, 137, 138, 140, 145], "summary": {"covered_lines": 11, "num_statements": 12, "percent_covered": 91.66666666666667, "percent_covered_display": "92", "missing_lines": 1, "excluded_lines": 0, "percent_statements_covered": 91.66666666666667, "percent_statements_covered_display": "92"}, "missing_lines": [129], "excluded_lines": [], "start_line": 111}, "": {"executed_lines": [6, 7, 10, 55, 111], "summary": {"covered_lines": 5, "num_statements": 5, "percent_covered": 100.0, "percent_covered_display": "100", "missing_lines": 0, "excluded_lines": 0, "percent_statements_covered": 100.0, "percent_statements_covered_display": "100"}, "missing_lines": [], "excluded_lines": [], "start_line": 1}}, "classes": {"": {"executed_lines": [6, 7, 10, 25, 26, 27, 28, 30, 31, 32, 33, 35, 36, 37, 38, 39, 41, 48, 49, 50, 52, 55, 70, 71, 72, 73, 75, 76, 81, 82, 85, 86, 87, 89, 90, 91, 92, 93, 102, 103, 105, 108, 111, 126, 127, 128, 131, 132, 134, 135, 137, 138, 140, 145], "summary": {"covered_lines": 54, "num_statements": 58, "percent_covered": 93.10344827586206, "percent_covered_display": "93", "missing_lines": 4, "excluded_lines": 0, "percent_statements_covered": 93.10344827586206, "percent_statements_covered_display": "93"}, "missing_lines": [95, 99, 106, 129], "excluded_lines": [], "start_line": 1}}}, "src\\auth\\ver_contrase\u00f1a.py": {"executed_lines": [7, 8, 11, 30, 31, 32, 33, 35, 36, 37, 38, 40, 41, 42, 43, 44, 46, 47, 49, 50, 53, 54, 55, 58, 59, 62], "summary": {"covered_lines": 26, "num_statements": 27, "percent_covered": 96.29629629629629, "percent_covered_display": "96", "missing_lines": 1, "excluded_lines": 0, "percent_statements_covered": 96.29629629629629, "percent_statements_covered_display": "96"}, "missing_lines": [60], "excluded_lines": [], "functions": {"ver_contrase\u00f1a": {"executed_lines": [30, 31, 32, 33, 35, 36, 37, 38, 40, 41, 42, 43, 44, 46, 47, 49, 50, 53, 54, 55, 58, 59, 62], "summary": {"covered_lines": 23, "num_statements": 24, "percent_covered": 95.83333333333333, "percent_covered_display": "96", "missing_lines": 1, "excluded_lines": 0, "percent_statements_covered": 95.83333333333333, "percent_statements_covered_display": "96"}, "missing_lines": [60], "excluded_lines": [], "start_line": 11}, "": {"executed_lines": [7, 8, 11], "summary": {"covered_lines": 3, "num_statements": 3, "percent_covered": 100.0, "percent_covered_display": "100", "missing_lines": 0, "excluded_lines": 0, "percent_statements_covered": 100.0, "percent_statements_covered_display": "100"}, "missing_lines": [], "excluded_lines": [], "start_line": 1}}, "classes": {"": {"executed_lines": [7, 8, 11, 30, 31, 32, 33, 35, 36, 37, 38, 40, 41, 42, 43, 44, 46, 47, 49, 50, 53, 54, 55, 58, 59, 62], "summary": {"covered_lines": 26, "num_statements": 27, "percent_covered": 96.29629629629629, "percent_covered_display": "96", "missing_lines": 1, "excluded_lines": 0, "percent_statements_covered": 96.29629629629629, "percent_statements_covered_display": "96"}, "missing_lines": [60], "excluded_lines": [], "start_line": 1}}}, "src\\bloqueo\\__init__.py": {"executed_lines": [6, 8], "summary": {"covered_lines": 2, "num_statements": 2, "percent_covered": 100.0, "percent_covered_display": "100", "missing_lines": 0, "excluded_lines": 0, "percent_statements_covered": 100.0, "percent_statements_covered_display": "100"}, "missing_lines": [], "excluded_lines": [], "functions": {"": {"executed_lines": [6, 8], "summary": {"covered_lines": 2, "num_statements": 2, "percent_covered": 100.0, "percent_covered_display": "100", "missing_lines": 0, "excluded_lines": 0, "percent_statements_covered": 100.0, "percent_statements_covered_display": "100"}, "missing_lines": [], "excluded_lines": [], "start_line": 1}}, "classes": {"": {"executed_lines": [6, 8], "summary": {"covered_lines": 2, "num_statements": 2, "percent_covered": 100.0, "percent_covered_display": "100", "missing_lines": 0, "excluded_lines": 0, "percent_statements_covered": 100.0, "percent_statements_covered_display": "100"}, "missing_lines": [], "excluded_lines": [], "start_line": 1}}}, "src\\bloqueo\\windows_lock.py": {"executed_lines": [7, 10, 23, 25, 26, 32, 33, 34, 36, 37, 43, 48, 49], "summary": {"covered_lines": 13, "num_statements": 13, "percent_covered": 100.0, "percent_covered_display": "100", "missing_lines": 0, "excluded_lines": 0, "percent_statements_covered": 100.0, "percent_statements_covered_display": "100"}, "missing_lines": [], "excluded_lines": [], "functions": {"bloquear_escritorio": {"executed_lines": [23, 25, 26, 32, 33, 34, 36, 37, 43, 48, 49], "summary": {"covered_lines": 11, "num_statements": 11, "percent_covered": 100.0, "percent_covered_display": "100", "missing_lines": 0, "excluded_lines": 0, "percent_statements_covered": 100.0, "percent_statements_covered_display": "100"}, "missing_lines": [], "excluded_lines": [], "start_line": 10}, "": {"executed_lines": [7, 10], "summary": {"covered_lines": 2, "num_statements": 2, "percent_covered": 100.0, "percent_covered_display": "100", "missing_lines": 0, "excluded_lines": 0, "percent_statements_covered": 100.0, "percent_statements_covered_display": "100"}, "missing_lines": [], "excluded_lines": [], "start_line": 1}}, "classes": {"": {"executed_lines": [7, 10, 23, 25, 26, 32, 33, 34, 36, 37, 43, 48, 49], "summary": {"covered_lines": 13, "num_statements": 13, "percent_covered": 100.0, "percent_covered_display": "100", "missing_lines": 0, "excluded_lines": 0, "percent_statements_covered": 100.0, "percent_statements_covered_display": "100"}, "missing_lines": [], "excluded_lines": [], "start_line": 1}}}, "src\\config\\__init__.py": {"executed_lines": [], "summary": {"covered_lines": 0, "num_statements": 0, "percent_covered": 100.0, "percent_covered_display": "100", "missing_lines": 0, "excluded_lines": 0, "percent_statements_covered": 100.0, "percent_statements_covered_display": "100"}, "missing_lines": [], "excluded_lines": [], "functions": {"": {"executed_lines": [], "summary": {"covered_lines": 0, "num_statements": 0, "percent_covered": 100.0, "percent_covered_display": "100", "missing_lines": 0, "excluded_lines": 0, "percent_statements_covered": 100.0, "percent_statements_covered_display": "100"}, "missing_lines": [], "excluded_lines": [], "start_line": 1}}, "classes": {"": {"executed_lines": [], "summary": {"covered_lines": 0, "num_statements": 0, "percent_covered": 100.0, "percent_covered_display": "100", "missing_lines": 0, "excluded_lines": 0, "percent_statements_covered": 100.0, "percent_statements_covered_display": "100"}, "missing_lines": [], "excluded_lines": [], "start_line": 1}}}, "src\\db\\__init__.py": {"executed_lines": [6, 7, 15, 21, 27, 34], "summary": {"covered_lines": 6, "num_statements": 6, "percent_covered": 100.0, "percent_covered_display": "100", "missing_lines": 0, "excluded_lines": 0, "percent_statements_covered": 100.0, "percent_statements_covered_display": "100"}, "missing_lines": [], "excluded_lines": [], "functions": {"": {"executed_lines": [6, 7, 15, 21, 27, 34], "summary": {"covered_lines": 6, "num_statements": 6, "percent_covered": 100.0, "percent_covered_display": "100", "missing_lines": 0, "excluded_lines": 0, "percent_statements_covered": 100.0, "percent_statements_covered_display": "100"}, "missing_lines": [], "excluded_lines": [], "start_line": 1}}, "classes": {"": {"executed_lines": [6, 7, 15, 21, 27, 34], "summary": {"covered_lines": 6, "num_statements": 6, "percent_covered": 100.0, "percent_covered_display": "100", "missing_lines": 0, "excluded_lines": 0, "percent_statements_covered": 100.0, "percent_statements_covered_display": "100"}, "missing_lines": [], "excluded_lines": [], "start_line": 1}}}, "src\\db\\anomalias\\__init__.py": {"executed_lines": [6, 7, 8, 9, 11], "summary": {"covered_lines": 5, "num_statements": 5, "percent_covered": 100.0, "percent_covered_display": "100", "missing_lines": 0, "excluded_lines": 0, "percent_statements_covered": 100.0, "percent_statements_covered_display": "100"}, "missing_lines": [], "excluded_lines": [], "functions": {"": {"executed_lines": [6, 7, 8, 9, 11], "summary": {"covered_lines": 5, "num_statements": 5, "percent_covered": 100.0, "percent_covered_display": "100", "missing_lines": 0, "excluded_lines": 0, "percent_statements_covered": 100.0, "percent_statements_covered_display": "100"}, "missing_lines": [], "excluded_lines": [], "start_line": 1}}, "classes": {"": {"executed_lines": [6, 7, 8, 9, 11], "summary": {"covered_lines": 5, "num_statements": 5, "percent_covered": 100.0, "percent_covered_display": "100", "missing_lines": 0, "excluded_lines": 0, "percent_statements_covered": 100.0, "percent_statements_covered_display": "100"}, "missing_lines": [], "excluded_lines": [], "start_line": 1}}}, "src\\db\\anomalias\\marcar_revisada.py": {"executed_lines": [17, 18, 19, 22], "summary": {"covered_lines": 4, "num_statements": 21, "percent_covered": 19.047619047619047, "percent_covered_display": "19", "missing_lines": 17, "excluded_lines": 0, "percent_statements_covered": 19.047619047619047, "percent_statements_covered_display": "19"}, "missing_lines": [26, 27, 30, 31, 34, 35, 36, 37, 40, 41, 44, 45, 46, 49, 54, 60, 62], "excluded_lines": [], "functions": {"marcar_revisada": {"executed_lines": [], "summary": {"covered_lines": 0, "num_statements": 17, "percent_covered": 0.0, "percent_covered_display": "0", "missing_lines": 17, "excluded_lines": 0, "percent_statements_covered": 0.0, "percent_statements_covered_display": "0"}, "missing_lines": [26, 27, 30, 31, 34, 35, 36, 37, 40, 41, 44, 45, 46, 49, 54, 60, 62], "excluded_lines": [], "start_line": 22}, "": {"executed_lines": [17, 18, 19, 22], "summary": {"covered_lines": 4, "num_statements": 4, "percent_covered": 100.0, "percent_covered_display": "100", "missing_lines": 0, "excluded_lines": 0, "percent_statements_covered": 100.0, "percent_statements_covered_display": "100"}, "missing_lines": [], "excluded_lines": [], "start_line": 1}}, "classes": {"": {"executed_lines": [17, 18, 19, 22], "summary": {"covered_lines": 4, "num_statements": 21, "percent_covered": 19.047619047619047, "percent_covered_display": "19", "missing_lines": 17, "excluded_lines": 0, "percent_statements_covered": 19.047619047619047, "percent_statements_covered_display": "19"}, "missing_lines": [26, 27, 30, 31, 34, 35, 36, 37, 40, 41, 44, 45, 46, 49, 54, 60, 62], "excluded_lines": [], "start_line": 1}}}, "src\\db\\anomalias\\obtener_por_equipo.py": {"executed_lines": [19, 20, 23], "summary": {"covered_lines": 3, "num_statements": 26, "percent_covered": 11.538461538461538, "percent_covered_display": "12", "missing_lines": 23, "excluded_lines": 0, "percent_statements_covered": 11.538461538461538, "percent_statements_covered_display": "12"}, "missing_lines": [27, 28, 29, 30, 33, 34, 35, 36, 39, 40, 41, 42, 45, 46, 47, 49, 50, 53, 55, 56, 59, 60, 66], "excluded_lines": [], "functions": {"obtener_por_equipo": {"executed_lines": [], "summary": {"covered_lines": 0, "num_statements": 23, "percent_covered": 0.0, "percent_covered_display": "0", "missing_lines": 23, "excluded_lines": 0, "percent_statements_covered": 0.0, "percent_statements_covered_display": "0"}, "missing_lines": [27, 28, 29, 30, 33, 34, 35, 36, 39, 40, 41, 42, 45, 46, 47, 49, 50, 53, 55, 56, 59, 60, 66], "excluded_lines": [], "start_line": 23}, "": {"executed_lines": [19, 20, 23], "summary": {"covered_lines": 3, "num_statements": 3, "percent_covered": 100.0, "percent_covered_display": "100", "missing_lines": 0, "excluded_lines": 0, "percent_statements_covered": 100.0, "percent_statements_covered_display": "100"}, "missing_lines": [], "excluded_lines": [], "start_line": 1}}, "classes": {"": {"executed_lines": [19, 20, 23], "summary": {"covered_lines": 3, "num_statements": 26, "percent_covered": 11.538461538461538, "percent_covered_display": "12", "missing_lines": 23, "excluded_lines": 0, "percent_statements_covered": 11.538461538461538, "percent_statements_covered_display": "12"}, "missing_lines": [27, 28, 29, 30, 33, 34, 35, 36, 39, 40, 41, 42, 45, 46, 47, 49, 50, 53, 55, 56, 59, 60, 66], "excluded_lines": [], "start_line": 1}}}, "src\\db\\anomalias\\obtener_por_usuario.py": {"executed_lines": [18, 19, 22], "summary": {"covered_lines": 3, "num_statements": 23, "percent_covered": 13.043478260869565, "percent_covered_display": "13", "missing_lines": 20, "excluded_lines": 0, "percent_statements_covered": 13.043478260869565, "percent_statements_covered_display": "13"}, "missing_lines": [26, 27, 28, 29, 32, 33, 34, 35, 38, 39, 40, 41, 44, 45, 46, 48, 49, 52, 53, 59], "excluded_lines": [], "functions": {"obtener_por_usuario": {"executed_lines": [], "summary": {"covered_lines": 0, "num_statements": 20, "percent_covered": 0.0, "percent_covered_display": "0", "missing_lines": 20, "excluded_lines": 0, "percent_statements_covered": 0.0, "percent_statements_covered_display": "0"}, "missing_lines": [26, 27, 28, 29, 32, 33, 34, 35, 38, 39, 40, 41, 44, 45, 46, 48, 49, 52, 53, 59], "excluded_lines": [], "start_line": 22}, "": {"executed_lines": [18, 19, 22], "summary": {"covered_lines": 3, "num_statements": 3, "percent_covered": 100.0, "percent_covered_display": "100", "missing_lines": 0, "excluded_lines": 0, "percent_statements_covered": 100.0, "percent_statements_covered_display": "100"}, "missing_lines": [], "excluded_lines": [], "start_line": 1}}, "classes": {"": {"executed_lines": [18, 19, 22], "summary": {"covered_lines": 3, "num_statements": 23, "percent_covered": 13.043478260869565, "percent_covered_display": "13", "missing_lines": 20, "excluded_lines": 0, "percent_statements_covered": 13.043478260869565, "percent_statements_covered_display": "13"}, "missing_lines": [26, 27, 28, 29, 32, 33, 34, 35, 38, 39, 40, 41, 44, 45, 46, 48, 49, 52, 53, 59], "excluded_lines": [], "start_line": 1}}}, "src\\db\\anomalias\\registrar_anomalia.py": {"executed_lines": [20, 21, 22, 25, 29, 30, 31, 32, 33, 34, 37, 38, 39, 41, 45, 46, 51, 52, 53, 55, 56, 59, 68, 69, 72, 74], "summary": {"covered_lines": 26, "num_statements": 30, "percent_covered": 86.66666666666667, "percent_covered_display": "87", "missing_lines": 4, "excluded_lines": 0, "percent_statements_covered": 86.66666666666667, "percent_statements_covered_display": "87"}, "missing_lines": [40, 42, 47, 48], "excluded_lines": [], "functions": {"registrar_anomalia": {"executed_lines": [29, 30, 31, 32, 33, 34, 37, 38, 39, 41, 45, 46, 51, 52, 53, 55, 56, 59, 68, 69, 72, 74], "summary": {"covered_lines": 22, "num_statements": 26, "percent_covered": 84.61538461538461, "percent_covered_display": "85", "missing_lines": 4, "excluded_lines": 0, "percent_statements_covered": 84.61538461538461, "percent_statements_covered_display": "85"}, "missing_lines": [40, 42, 47, 48], "excluded_lines": [], "start_line": 25}, "": {"executed_lines": [20, 21, 22, 25], "summary": {"covered_lines": 4, "num_statements": 4, "percent_covered": 100.0, "percent_covered_display": "100", "missing_lines": 0, "excluded_lines": 0, "percent_statements_covered": 100.0, "percent_statements_covered_display": "100"}, "missing_lines": [], "excluded_lines": [], "start_line": 1}}, "classes": {"": {"executed_lines": [20, 21, 22, 25, 29, 30, 31, 32, 33, 34, 37, 38, 39, 41, 45, 46, 51, 52, 53, 55, 56, 59, 68, 69, 72, 74], "summary": {"covered_lines": 26, "num_statements": 30, "percent_covered": 86.66666666666667, "percent_covered_display": "87", "missing_lines": 4, "excluded_lines": 0, "percent_statements_covered": 86.66666666666667, "percent_statements_covered_display": "87"}, "missing_lines": [40, 42, 47, 48], "excluded_lines": [], "start_line": 1}}}, "src\\db\\conexion.py": {"executed_lines": [6, 7, 8, 9, 11, 14, 17, 18, 19, 21, 23, 24, 25, 27, 61, 69, 83, 96, 97, 108], "summary": {"covered_lines": 20, "num_statements": 44, "percent_covered": 45.45454545454545, "percent_covered_display": "45", "missing_lines": 24, "excluded_lines": 0, "percent_statements_covered": 45.45454545454545, "percent_statements_covered_display": "45"}, "missing_lines": [39, 40, 42, 44, 46, 47, 51, 52, 54, 55, 57, 58, 59, 63, 64, 65, 66, 67, 79, 80, 81, 93, 94, 104], "excluded_lines": [], "functions": {"ConexionMongoDB.__new__": {"executed_lines": [23, 24, 25], "summary": {"covered_lines": 3, "num_statements": 3, "percent_covered": 100.0, "percent_covered_display": "100", "missing_lines": 0, "excluded_lines": 0, "percent_statements_covered": 100.0, "percent_statements_covered_display": "100"}, "missing_lines": [], "excluded_lines": [], "start_line": 21}, "ConexionMongoDB.conectar": {"executed_lines": [], "summary": {"covered_lines": 0, "num_statements": 13, "percent_covered": 0.0, "percent_covered_display": "0", "missing_lines": 13, "excluded_lines": 0, "percent_statements_covered": 0.0, "percent_statements_covered_display": "0"}, "missing_lines": [39, 40, 42, 44, 46, 47, 51, 52, 54, 55, 57, 58, 59], "excluded_lines": [], "start_line": 27}, "ConexionMongoDB.desconectar": {"executed_lines": [], "summary": {"covered_lines": 0, "num_statements": 5, "percent_covered": 0.0, "percent_covered_display": "0", "missing_lines": 5, "excluded_lines": 0, "percent_statements_covered": 0.0, "percent_statements_covered_display": "0"}, "missing_lines": [63, 64, 65, 66, 67], "excluded_lines": [], "start_line": 61}, "ConexionMongoDB.obtener_base_datos": {"executed_lines": [], "summary": {"covered_lines": 0, "num_statements": 3, "percent_covered": 0.0, "percent_covered_display": "0", "missing_lines": 3, "excluded_lines": 0, "percent_statements_covered": 0.0, "percent_statements_covered_display": "0"}, "missing_lines": [79, 80, 81], "excluded_lines": [], "start_line": 69}, "ConexionMongoDB.obtener_coleccion": {"executed_lines": [], "summary": {"covered_lines": 0, "num_statements": 2, "percent_covered": 0.0, "percent_covered_display": "0", "missing_lines": 2, "excluded_lines": 0, "percent_statements_covered": 0.0, "percent_statements_covered_display": "0"}, "missing_lines": [93, 94], "excluded_lines": [], "start_line": 83}, "ConexionMongoDB.obtener_instancia": {"executed_lines": [], "summary": {"covered_lines": 0, "num_statements": 1, "percent_covered": 0.0, "percent_covered_display": "0", "missing_lines": 1, "excluded_lines": 0, "percent_statements_covered": 0.0, "percent_statements_covered_display": "0"}, "missing_lines": [104], "excluded_lines": [], "start_line": 97}, "": {"executed_lines": [6, 7, 8, 9, 11, 14, 17, 18, 19, 21, 27, 61, 69, 83, 96, 97, 108], "summary": {"covered_lines": 17, "num_statements": 17, "percent_covered": 100.0, "percent_covered_display": "100", "missing_lines": 0, "excluded_lines": 0, "percent_statements_covered": 100.0, "percent_statements_covered_display": "100"}, "missing_lines": [], "excluded_lines": [], "start_line": 1}}, "classes": {"ConexionMongoDB": {"executed_lines": [23, 24, 25], "summary": {"covered_lines": 3, "num_statements": 27, "percent_covered": 11.11111111111111, "percent_covered_display": "11", "missing_lines": 24, "excluded_lines": 0, "percent_statements_covered": 11.11111111111111, "percent_statements_covered_display": "11"}, "missing_lines": [39, 40, 42, 44, 46, 47, 51, 52, 54, 55, 57, 58, 59, 63, 64, 65, 66, 67, 79, 80, 81, 93, 94, 104], "excluded_lines": [], "start_line": 14}, "": {"executed_lines": [6, 7, 8, 9, 11, 14, 17, 18, 19, 21, 27, 61, 69, 83, 96, 97, 108], "summary": {"covered_lines": 17, "num_statements": 17, "percent_covered": 100.0, "percent_covered_display": "100", "missing_lines": 0, "excluded_lines": 0, "percent_statements_covered": 100.0, "percent_statements_covered_display": "100"}, "missing_lines": [], "excluded_lines": [], "start_line": 1}}}, "src\\db\\equipos\\__init__.py": {"executed_lines": [6, 7, 8, 9, 10, 12], "summary": {"covered_lines": 6, "num_statements": 6, "percent_covered": 100.0, "percent_covered_display": "100", "missing_lines": 0, "excluded_lines": 0, "percent_statements_covered": 100.0, "percent_statements_covered_display": "100"}, "missing_lines": [], "excluded_lines": [], "functions": {"": {"executed_lines": [6, 7, 8, 9, 10, 12], "summary": {"covered_lines": 6, "num_statements": 6, "percent_covered": 100.0, "percent_covered_display": "100", "missing_lines": 0, "excluded_lines": 0, "percent_statements_covered": 100.0, "percent_statements_covered_display": "100"}, "missing_lines": [], "excluded_lines": [], "start_line": 1}}, "classes": {"": {"executed_lines": [6, 7, 8, 9, 10, 12], "summary": {"covered_lines": 6, "num_statements": 6, "percent_covered": 100.0, "percent_covered_display": "100", "missing_lines": 0, "excluded_lines": 0, "percent_statements_covered": 100.0, "percent_statements_covered_display": "100"}, "missing_lines": [], "excluded_lines": [], "start_line": 1}}}, "src\\db\\equipos\\a\u00f1adir_miembro.py": {"executed_lines": [6, 7, 10], "summary": {"covered_lines": 3, "num_statements": 24, "percent_covered": 12.5, "percent_covered_display": "12", "missing_lines": 21, "excluded_lines": 0, "percent_statements_covered": 12.5, "percent_statements_covered_display": "12"}, "missing_lines": [26, 27, 28, 29, 31, 32, 33, 34, 35, 38, 39, 40, 41, 44, 45, 46, 47, 50, 51, 54, 60], "excluded_lines": [], "functions": {"a\u00f1adir_miembro": {"executed_lines": [], "summary": {"covered_lines": 0, "num_statements": 21, "percent_covered": 0.0, "percent_covered_display": "0", "missing_lines": 21, "excluded_lines": 0, "percent_statements_covered": 0.0, "percent_statements_covered_display": "0"}, "missing_lines": [26, 27, 28, 29, 31, 32, 33, 34, 35, 38, 39, 40, 41, 44, 45, 46, 47, 50, 51, 54, 60], "excluded_lines": [], "start_line": 10}, "": {"executed_lines": [6, 7, 10], "summary": {"covered_lines": 3, "num_statements": 3, "percent_covered": 100.0, "percent_covered_display": "100", "missing_lines": 0, "excluded_lines": 0, "percent_statements_covered": 100.0, "percent_statements_covered_display": "100"}, "missing_lines": [], "excluded_lines": [], "start_line": 1}}, "classes": {"": {"executed_lines": [6, 7, 10], "summary": {"covered_lines": 3, "num_statements": 24, "percent_covered": 12.5, "percent_covered_display": "12", "missing_lines": 21, "excluded_lines": 0, "percent_statements_covered": 12.5, "percent_statements_covered_display": "12"}, "missing_lines": [26, 27, 28, 29, 31, 32, 33, 34, 35, 38, 39, 40, 41, 44, 45, 46, 47, 50, 51, 54, 60], "excluded_lines": [], "start_line": 1}}}, "src\\db\\equipos\\buscar_por_id.py": {"executed_lines": [6, 7, 10], "summary": {"covered_lines": 3, "num_statements": 12, "percent_covered": 25.0, "percent_covered_display": "25", "missing_lines": 9, "excluded_lines": 0, "percent_statements_covered": 25.0, "percent_statements_covered_display": "25"}, "missing_lines": [24, 25, 27, 28, 29, 30, 32, 33, 35], "excluded_lines": [], "functions": {"buscar_por_id": {"executed_lines": [], "summary": {"covered_lines": 0, "num_statements": 9, "percent_covered": 0.0, "percent_covered_display": "0", "missing_lines": 9, "excluded_lines": 0, "percent_statements_covered": 0.0, "percent_statements_covered_display": "0"}, "missing_lines": [24, 25, 27, 28, 29, 30, 32, 33, 35], "excluded_lines": [], "start_line": 10}, "": {"executed_lines": [6, 7, 10], "summary": {"covered_lines": 3, "num_statements": 3, "percent_covered": 100.0, "percent_covered_display": "100", "missing_lines": 0, "excluded_lines": 0, "percent_statements_covered": 100.0, "percent_statements_covered_display": "100"}, "missing_lines": [], "excluded_lines": [], "start_line": 1}}, "classes": {"": {"executed_lines": [6, 7, 10], "summary": {"covered_lines": 3, "num_statements": 12, "percent_covered": 25.0, "percent_covered_display": "25", "missing_lines": 9, "excluded_lines": 0, "percent_statements_covered": 25.0, "percent_statements_covered_display": "25"}, "missing_lines": [24, 25, 27, 28, 29, 30, 32, 33, 35], "excluded_lines": [], "start_line": 1}}}, "src\\db\\equipos\\crear_equipo.py": {"executed_lines": [6, 7, 8, 11, 37, 38, 39, 40, 41, 44, 45, 47, 48, 51, 52, 53, 54, 56, 57, 58, 59, 62, 71, 72, 73, 75], "summary": {"covered_lines": 26, "num_statements": 27, "percent_covered": 96.29629629629629, "percent_covered_display": "96", "missing_lines": 1, "excluded_lines": 0, "percent_statements_covered": 96.29629629629629, "percent_statements_covered_display": "96"}, "missing_lines": [42], "excluded_lines": [], "functions": {"crear_equipo": {"executed_lines": [37, 38, 39, 40, 41, 44, 45, 47, 48, 51, 52, 53, 54, 56, 57, 58, 59, 62, 71, 72, 73, 75], "summary": {"covered_lines": 22, "num_statements": 23, "percent_covered": 95.65217391304348, "percent_covered_display": "96", "missing_lines": 1, "excluded_lines": 0, "percent_statements_covered": 95.65217391304348, "percent_statements_covered_display": "96"}, "missing_lines": [42], "excluded_lines": [], "start_line": 11}, "": {"executed_lines": [6, 7, 8, 11], "summary": {"covered_lines": 4, "num_statements": 4, "percent_covered": 100.0, "percent_covered_display": "100", "missing_lines": 0, "excluded_lines": 0, "percent_statements_covered": 100.0, "percent_statements_covered_display": "100"}, "missing_lines": [], "excluded_lines": [], "start_line": 1}}, "classes": {"": {"executed_lines": [6, 7, 8, 11, 37, 38, 39, 40, 41, 44, 45, 47, 48, 51, 52, 53, 54, 56, 57, 58, 59, 62, 71, 72, 73, 75], "summary": {"covered_lines": 26, "num_statements": 27, "percent_covered": 96.29629629629629, "percent_covered_display": "96", "missing_lines": 1, "excluded_lines": 0, "percent_statements_covered": 96.29629629629629, "percent_statements_covered_display": "96"}, "missing_lines": [42], "excluded_lines": [], "start_line": 1}}}, "src\\db\\equipos\\obtener_miembros.py": {"executed_lines": [6, 7, 10], "summary": {"covered_lines": 3, "num_statements": 16, "percent_covered": 18.75, "percent_covered_display": "19", "missing_lines": 13, "excluded_lines": 0, "percent_statements_covered": 18.75, "percent_statements_covered_display": "19"}, "missing_lines": [25, 26, 28, 29, 30, 31, 33, 34, 36, 37, 40, 41, 43], "excluded_lines": [], "functions": {"obtener_miembros": {"executed_lines": [], "summary": {"covered_lines": 0, "num_statements": 13, "percent_covered": 0.0, "percent_covered_display": "0", "missing_lines": 13, "excluded_lines": 0, "percent_statements_covered": 0.0, "percent_statements_covered_display": "0"}, "missing_lines": [25, 26, 28, 29, 30, 31, 33, 34, 36, 37, 40, 41, 43], "excluded_lines": [], "start_line": 10}, "": {"executed_lines": [6, 7, 10], "summary": {"covered_lines": 3, "num_statements": 3, "percent_covered": 100.0, "percent_covered_display": "100", "missing_lines": 0, "excluded_lines": 0, "percent_statements_covered": 100.0, "percent_statements_covered_display": "100"}, "missing_lines": [], "excluded_lines": [], "start_line": 1}}, "classes": {"": {"executed_lines": [6, 7, 10], "summary": {"covered_lines": 3, "num_statements": 16, "percent_covered": 18.75, "percent_covered_display": "19", "missing_lines": 13, "excluded_lines": 0, "percent_statements_covered": 18.75, "percent_statements_covered_display": "19"}, "missing_lines": [25, 26, 28, 29, 30, 31, 33, 34, 36, 37, 40, 41, 43], "excluded_lines": [], "start_line": 1}}}, "src\\db\\equipos\\obtener_por_encargado.py": {"executed_lines": [6, 7, 10], "summary": {"covered_lines": 3, "num_statements": 12, "percent_covered": 25.0, "percent_covered_display": "25", "missing_lines": 9, "excluded_lines": 0, "percent_statements_covered": 25.0, "percent_statements_covered_display": "25"}, "missing_lines": [24, 25, 27, 28, 29, 30, 32, 33, 35], "excluded_lines": [], "functions": {"obtener_por_encargado": {"executed_lines": [], "summary": {"covered_lines": 0, "num_statements": 9, "percent_covered": 0.0, "percent_covered_display": "0", "missing_lines": 9, "excluded_lines": 0, "percent_statements_covered": 0.0, "percent_statements_covered_display": "0"}, "missing_lines": [24, 25, 27, 28, 29, 30, 32, 33, 35], "excluded_lines": [], "start_line": 10}, "": {"executed_lines": [6, 7, 10], "summary": {"covered_lines": 3, "num_statements": 3, "percent_covered": 100.0, "percent_covered_display": "100", "missing_lines": 0, "excluded_lines": 0, "percent_statements_covered": 100.0, "percent_statements_covered_display": "100"}, "missing_lines": [], "excluded_lines": [], "start_line": 1}}, "classes": {"": {"executed_lines": [6, 7, 10], "summary": {"covered_lines": 3, "num_statements": 12, "percent_covered": 25.0, "percent_covered_display": "25", "missing_lines": 9, "excluded_lines": 0, "percent_statements_covered": 25.0, "percent_statements_covered_display": "25"}, "missing_lines": [24, 25, 27, 28, 29, 30, 32, 33, 35], "excluded_lines": [], "start_line": 1}}}, "src\\db\\reportes.py": {"executed_lines": [6, 7, 10, 83, 127, 155, 201, 218, 235, 245, 246, 248, 249, 251, 252, 254], "summary": {"covered_lines": 16, "num_statements": 79, "percent_covered": 20.253164556962027, "percent_covered_display": "20", "missing_lines": 63, "excluded_lines": 0, "percent_statements_covered": 20.253164556962027, "percent_statements_covered_display": "20"}, "missing_lines": [42, 44, 45, 47, 48, 49, 50, 53, 55, 76, 77, 79, 80, 99, 101, 103, 104, 105, 106, 108, 123, 124, 137, 139, 146, 147, 148, 149, 150, 152, 166, 168, 169, 171, 172, 173, 174, 177, 178, 180, 181, 184, 193, 194, 195, 196, 198, 203, 205, 206, 207, 208, 210, 211, 215, 220, 222, 223, 224, 225, 227, 228, 232], "excluded_lines": [], "functions": {"crear_reporte_jornada": {"executed_lines": [], "summary": {"covered_lines": 0, "num_statements": 13, "percent_covered": 0.0, "percent_covered_display": "0", "missing_lines": 13, "excluded_lines": 0, "percent_statements_covered": 0.0, "percent_statements_covered_display": "0"}, "missing_lines": [42, 44, 45, 47, 48, 49, 50, 53, 55, 76, 77, 79, 80], "excluded_lines": [], "start_line": 10}, "crear_reporte_expiracion": {"executed_lines": [], "summary": {"covered_lines": 0, "num_statements": 9, "percent_covered": 0.0, "percent_covered_display": "0", "missing_lines": 9, "excluded_lines": 0, "percent_statements_covered": 0.0, "percent_statements_covered_display": "0"}, "missing_lines": [99, 101, 103, 104, 105, 106, 108, 123, 124], "excluded_lines": [], "start_line": 83}, "obtener_reportes_para_supervisor": {"executed_lines": [], "summary": {"covered_lines": 0, "num_statements": 8, "percent_covered": 0.0, "percent_covered_display": "0", "missing_lines": 8, "excluded_lines": 0, "percent_statements_covered": 0.0, "percent_statements_covered_display": "0"}, "missing_lines": [137, 139, 146, 147, 148, 149, 150, 152], "excluded_lines": [], "start_line": 127}, "obtener_reportes_para_encargado": {"executed_lines": [], "summary": {"covered_lines": 0, "num_statements": 17, "percent_covered": 0.0, "percent_covered_display": "0", "missing_lines": 17, "excluded_lines": 0, "percent_statements_covered": 0.0, "percent_statements_covered_display": "0"}, "missing_lines": [166, 168, 169, 171, 172, 173, 174, 177, 178, 180, 181, 184, 193, 194, 195, 196, 198], "excluded_lines": [], "start_line": 155}, "marcar_reporte_leido_supervisor": {"executed_lines": [], "summary": {"covered_lines": 0, "num_statements": 8, "percent_covered": 0.0, "percent_covered_display": "0", "missing_lines": 8, "excluded_lines": 0, "percent_statements_covered": 0.0, "percent_statements_covered_display": "0"}, "missing_lines": [203, 205, 206, 207, 208, 210, 211, 215], "excluded_lines": [], "start_line": 201}, "marcar_reporte_leido_encargado": {"executed_lines": [], "summary": {"covered_lines": 0, "num_statements": 8, "percent_covered": 0.0, "percent_covered_display": "0", "missing_lines": 8, "excluded_lines": 0, "percent_statements_covered": 0.0, "percent_statements_covered_display": "0"}, "missing_lines": [220, 222, 223, 224, 225, 227, 228, 232], "excluded_lines": [], "start_line": 218}, "_formatear_tiempo": {"executed_lines": [245, 246, 248, 249, 251, 252, 254], "summary": {"covered_lines": 7, "num_statements": 7, "percent_covered": 100.0, "percent_covered_display": "100", "missing_lines": 0, "excluded_lines": 0, "percent_statements_covered": 100.0, "percent_statements_covered_display": "100"}, "missing_lines": [], "excluded_lines": [], "start_line": 235}, "": {"executed_lines": [6, 7, 10, 83, 127, 155, 201, 218, 235], "summary": {"covered_lines": 9, "num_statements": 9, "percent_covered": 100.0, "percent_covered_display": "100", "missing_lines": 0, "excluded_lines": 0, "percent_statements_covered": 100.0, "percent_statements_covered_display": "100"}, "missing_lines": [], "excluded_lines": [], "start_line": 1}}, "classes": {"": {"executed_lines": [6, 7, 10, 83, 127, 155, 201, 218, 235, 245, 246, 248, 249, 251, 252, 254], "summary": {"covered_lines": 16, "num_statements": 79, "percent_covered": 20.253164556962027, "percent_covered_display": "20", "missing_lines": 63, "excluded_lines": 0, "percent_statements_covered": 20.253164556962027, "percent_statements_covered_display": "20"}, "missing_lines": [42, 44, 45, 47, 48, 49, 50, 53, 55, 76, 77, 79, 80, 99, 101, 103, 104, 105, 106, 108, 123, 124, 137, 139, 146, 147, 148, 149, 150, 152, 166, 168, 169, 171, 172, 173, 174, 177, 178, 180, 181, 184, 193, 194, 195, 196, 198, 203, 205, 206, 207, 208, 210, 211, 215, 220, 222, 223, 224, 225, 227, 228, 232], "excluded_lines": [], "start_line": 1}}}, "src\\db\\sesiones\\__init__.py": {"executed_lines": [6, 7, 8, 9, 11], "summary": {"covered_lines": 5, "num_statements": 5, "percent_covered": 100.0, "percent_covered_display": "100", "missing_lines": 0, "excluded_lines": 0, "percent_statements_covered": 100.0, "percent_statements_covered_display": "100"}, "missing_lines": [], "excluded_lines": [], "functions": {"": {"executed_lines": [6, 7, 8, 9, 11], "summary": {"covered_lines": 5, "num_statements": 5, "percent_covered": 100.0, "percent_covered_display": "100", "missing_lines": 0, "excluded_lines": 0, "percent_statements_covered": 100.0, "percent_statements_covered_display": "100"}, "missing_lines": [], "excluded_lines": [], "start_line": 1}}, "classes": {"": {"executed_lines": [6, 7, 8, 9, 11], "summary": {"covered_lines": 5, "num_statements": 5, "percent_covered": 100.0, "percent_covered_display": "100", "missing_lines": 0, "excluded_lines": 0, "percent_statements_covered": 100.0, "percent_statements_covered_display": "100"}, "missing_lines": [], "excluded_lines": [], "start_line": 1}}}, "src\\db\\sesiones\\actualizar_sesion.py": {"executed_lines": [6, 7, 10], "summary": {"covered_lines": 3, "num_statements": 16, "percent_covered": 18.75, "percent_covered_display": "19", "missing_lines": 13, "excluded_lines": 0, "percent_statements_covered": 18.75, "percent_statements_covered_display": "19"}, "missing_lines": [27, 28, 29, 30, 32, 33, 34, 35, 37, 38, 44, 45, 47], "excluded_lines": [], "functions": {"actualizar_sesion": {"executed_lines": [], "summary": {"covered_lines": 0, "num_statements": 13, "percent_covered": 0.0, "percent_covered_display": "0", "missing_lines": 13, "excluded_lines": 0, "percent_statements_covered": 0.0, "percent_statements_covered_display": "0"}, "missing_lines": [27, 28, 29, 30, 32, 33, 34, 35, 37, 38, 44, 45, 47], "excluded_lines": [], "start_line": 10}, "": {"executed_lines": [6, 7, 10], "summary": {"covered_lines": 3, "num_statements": 3, "percent_covered": 100.0, "percent_covered_display": "100", "missing_lines": 0, "excluded_lines": 0, "percent_statements_covered": 100.0, "percent_statements_covered_display": "100"}, "missing_lines": [], "excluded_lines": [], "start_line": 1}}, "classes": {"": {"executed_lines": [6, 7, 10], "summary": {"covered_lines": 3, "num_statements": 16, "percent_covered": 18.75, "percent_covered_display": "19", "missing_lines": 13, "excluded_lines": 0, "percent_statements_covered": 18.75, "percent_statements_covered_display": "19"}, "missing_lines": [27, 28, 29, 30, 32, 33, 34, 35, 37, 38, 44, 45, 47], "excluded_lines": [], "start_line": 1}}}, "src\\db\\sesiones\\cerrar_sesion.py": {"executed_lines": [6, 7, 8, 11], "summary": {"covered_lines": 4, "num_statements": 20, "percent_covered": 20.0, "percent_covered_display": "20", "missing_lines": 16, "excluded_lines": 0, "percent_statements_covered": 20.0, "percent_statements_covered_display": "20"}, "missing_lines": [27, 28, 29, 30, 32, 33, 34, 35, 37, 38, 40, 41, 44, 45, 48, 58], "excluded_lines": [], "functions": {"cerrar_sesion": {"executed_lines": [], "summary": {"covered_lines": 0, "num_statements": 16, "percent_covered": 0.0, "percent_covered_display": "0", "missing_lines": 16, "excluded_lines": 0, "percent_statements_covered": 0.0, "percent_statements_covered_display": "0"}, "missing_lines": [27, 28, 29, 30, 32, 33, 34, 35, 37, 38, 40, 41, 44, 45, 48, 58], "excluded_lines": [], "start_line": 11}, "": {"executed_lines": [6, 7, 8, 11], "summary": {"covered_lines": 4, "num_statements": 4, "percent_covered": 100.0, "percent_covered_display": "100", "missing_lines": 0, "excluded_lines": 0, "percent_statements_covered": 100.0, "percent_statements_covered_display": "100"}, "missing_lines": [], "excluded_lines": [], "start_line": 1}}, "classes": {"": {"executed_lines": [6, 7, 8, 11], "summary": {"covered_lines": 4, "num_statements": 20, "percent_covered": 20.0, "percent_covered_display": "20", "missing_lines": 16, "excluded_lines": 0, "percent_statements_covered": 20.0, "percent_statements_covered_display": "20"}, "missing_lines": [27, 28, 29, 30, 32, 33, 34, 35, 37, 38, 40, 41, 44, 45, 48, 58], "excluded_lines": [], "start_line": 1}}}, "src\\db\\sesiones\\crear_sesion.py": {"executed_lines": [6, 7, 8, 11, 37, 38, 39, 40, 42, 43, 44, 45, 47, 48, 49, 50, 53, 54, 55, 56, 59, 69, 70, 71, 73], "summary": {"covered_lines": 25, "num_statements": 25, "percent_covered": 100.0, "percent_covered_display": "100", "missing_lines": 0, "excluded_lines": 0, "percent_statements_covered": 100.0, "percent_statements_covered_display": "100"}, "missing_lines": [], "excluded_lines": [], "functions": {"crear_sesion": {"executed_lines": [37, 38, 39, 40, 42, 43, 44, 45, 47, 48, 49, 50, 53, 54, 55, 56, 59, 69, 70, 71, 73], "summary": {"covered_lines": 21, "num_statements": 21, "percent_covered": 100.0, "percent_covered_display": "100", "missing_lines": 0, "excluded_lines": 0, "percent_statements_covered": 100.0, "percent_statements_covered_display": "100"}, "missing_lines": [], "excluded_lines": [], "start_line": 11}, "": {"executed_lines": [6, 7, 8, 11], "summary": {"covered_lines": 4, "num_statements": 4, "percent_covered": 100.0, "percent_covered_display": "100", "missing_lines": 0, "excluded_lines": 0, "percent_statements_covered": 100.0, "percent_statements_covered_display": "100"}, "missing_lines": [], "excluded_lines": [], "start_line": 1}}, "classes": {"": {"executed_lines": [6, 7, 8, 11, 37, 38, 39, 40, 42, 43, 44, 45, 47, 48, 49, 50, 53, 54, 55, 56, 59, 69, 70, 71, 73], "summary": {"covered_lines": 25, "num_statements": 25, "percent_covered": 100.0, "percent_covered_display": "100", "missing_lines": 0, "excluded_lines": 0, "percent_statements_covered": 100.0, "percent_statements_covered_display": "100"}, "missing_lines": [], "excluded_lines": [], "start_line": 1}}}, "src\\db\\sesiones\\obtener_historial.py": {"executed_lines": [6, 7, 10], "summary": {"covered_lines": 3, "num_statements": 16, "percent_covered": 18.75, "percent_covered_display": "19", "missing_lines": 13, "excluded_lines": 0, "percent_statements_covered": 18.75, "percent_statements_covered_display": "19"}, "missing_lines": [25, 26, 27, 28, 30, 31, 33, 34, 35, 36, 38, 39, 45], "excluded_lines": [], "functions": {"obtener_historial": {"executed_lines": [], "summary": {"covered_lines": 0, "num_statements": 13, "percent_covered": 0.0, "percent_covered_display": "0", "missing_lines": 13, "excluded_lines": 0, "percent_statements_covered": 0.0, "percent_statements_covered_display": "0"}, "missing_lines": [25, 26, 27, 28, 30, 31, 33, 34, 35, 36, 38, 39, 45], "excluded_lines": [], "start_line": 10}, "": {"executed_lines": [6, 7, 10], "summary": {"covered_lines": 3, "num_statements": 3, "percent_covered": 100.0, "percent_covered_display": "100", "missing_lines": 0, "excluded_lines": 0, "percent_statements_covered": 100.0, "percent_statements_covered_display": "100"}, "missing_lines": [], "excluded_lines": [], "start_line": 1}}, "classes": {"": {"executed_lines": [6, 7, 10], "summary": {"covered_lines": 3, "num_statements": 16, "percent_covered": 18.75, "percent_covered_display": "19", "missing_lines": 13, "excluded_lines": 0, "percent_statements_covered": 18.75, "percent_statements_covered_display": "19"}, "missing_lines": [25, 26, 27, 28, 30, 31, 33, 34, 35, 36, 38, 39, 45], "excluded_lines": [], "start_line": 1}}}, "src\\db\\usuarios\\__init__.py": {"executed_lines": [6, 7, 8, 9, 10, 11, 13], "summary": {"covered_lines": 7, "num_statements": 7, "percent_covered": 100.0, "percent_covered_display": "100", "missing_lines": 0, "excluded_lines": 0, "percent_statements_covered": 100.0, "percent_statements_covered_display": "100"}, "missing_lines": [], "excluded_lines": [], "functions": {"": {"executed_lines": [6, 7, 8, 9, 10, 11, 13], "summary": {"covered_lines": 7, "num_statements": 7, "percent_covered": 100.0, "percent_covered_display": "100", "missing_lines": 0, "excluded_lines": 0, "percent_statements_covered": 100.0, "percent_statements_covered_display": "100"}, "missing_lines": [], "excluded_lines": [], "start_line": 1}}, "classes": {"": {"executed_lines": [6, 7, 8, 9, 10, 11, 13], "summary": {"covered_lines": 7, "num_statements": 7, "percent_covered": 100.0, "percent_covered_display": "100", "missing_lines": 0, "excluded_lines": 0, "percent_statements_covered": 100.0, "percent_statements_covered_display": "100"}, "missing_lines": [], "excluded_lines": [], "start_line": 1}}}, "src\\db\\usuarios\\actualizar_pomodoro.py": {"executed_lines": [6, 7, 10, 26, 27, 28, 29, 31, 32, 33, 34, 36, 37, 43, 44, 46], "summary": {"covered_lines": 16, "num_statements": 16, "percent_covered": 100.0, "percent_covered_display": "100", "missing_lines": 0, "excluded_lines": 0, "percent_statements_covered": 100.0, "percent_statements_covered_display": "100"}, "missing_lines": [], "excluded_lines": [], "functions": {"actualizar_pomodoro": {"executed_lines": [26, 27, 28, 29, 31, 32, 33, 34, 36, 37, 43, 44, 46], "summary": {"covered_lines": 13, "num_statements": 13, "percent_covered": 100.0, "percent_covered_display": "100", "missing_lines": 0, "excluded_lines": 0, "percent_statements_covered": 100.0, "percent_statements_covered_display": "100"}, "missing_lines": [], "excluded_lines": [], "start_line": 10}, "": {"executed_lines": [6, 7, 10], "summary": {"covered_lines": 3, "num_statements": 3, "percent_covered": 100.0, "percent_covered_display": "100", "missing_lines": 0, "excluded_lines": 0, "percent_statements_covered": 100.0, "percent_statements_covered_display": "100"}, "missing_lines": [], "excluded_lines": [], "start_line": 1}}, "classes": {"": {"executed_lines": [6, 7, 10, 26, 27, 28, 29, 31, 32, 33, 34, 36, 37, 43, 44, 46], "summary": {"covered_lines": 16, "num_statements": 16, "percent_covered": 100.0, "percent_covered_display": "100", "missing_lines": 0, "excluded_lines": 0, "percent_statements_covered": 100.0, "percent_statements_covered_display": "100"}, "missing_lines": [], "excluded_lines": [], "start_line": 1}}}, "src\\db\\usuarios\\actualizar_ultimo_acceso.py": {"executed_lines": [6, 7, 8, 11, 26, 27, 29, 30, 31, 32, 34, 35, 41, 42, 44], "summary": {"covered_lines": 15, "num_statements": 15, "percent_covered": 100.0, "percent_covered_display": "100", "missing_lines": 0, "excluded_lines": 0, "percent_statements_covered": 100.0, "percent_statements_covered_display": "100"}, "missing_lines": [], "excluded_lines": [], "functions": {"actualizar_ultimo_acceso": {"executed_lines": [26, 27, 29, 30, 31, 32, 34, 35, 41, 42, 44], "summary": {"covered_lines": 11, "num_statements": 11, "percent_covered": 100.0, "percent_covered_display": "100", "missing_lines": 0, "excluded_lines": 0, "percent_statements_covered": 100.0, "percent_statements_covered_display": "100"}, "missing_lines": [], "excluded_lines": [], "start_line": 11}, "": {"executed_lines": [6, 7, 8, 11], "summary": {"covered_lines": 4, "num_statements": 4, "percent_covered": 100.0, "percent_covered_display": "100", "missing_lines": 0, "excluded_lines": 0, "percent_statements_covered": 100.0, "percent_statements_covered_display": "100"}, "missing_lines": [], "excluded_lines": [], "start_line": 1}}, "classes": {"": {"executed_lines": [6, 7, 8, 11, 26, 27, 29, 30, 31, 32, 34, 35, 41, 42, 44], "summary": {"covered_lines": 15, "num_statements": 15, "percent_covered": 100.0, "percent_covered_display": "100", "missing_lines": 0, "excluded_lines": 0, "percent_statements_covered": 100.0, "percent_statements_covered_display": "100"}, "missing_lines": [], "excluded_lines": [], "start_line": 1}}}, "src\\db\\usuarios\\buscar_por_email.py": {"executed_lines": [6, 7, 10, 24, 25, 27, 28, 29, 31, 32, 34], "summary": {"covered_lines": 11, "num_statements": 11, "percent_covered": 100.0, "percent_covered_display": "100", "missing_lines": 0, "excluded_lines": 0, "percent_statements_covered": 100.0, "percent_statements_covered_display": "100"}, "missing_lines": [], "excluded_lines": [], "functions": {"buscar_por_email": {"executed_lines": [24, 25, 27, 28, 29, 31, 32, 34], "summary": {"covered_lines": 8, "num_statements": 8, "percent_covered": 100.0, "percent_covered_display": "100", "missing_lines": 0, "excluded_lines": 0, "percent_statements_covered": 100.0, "percent_statements_covered_display": "100"}, "missing_lines": [], "excluded_lines": [], "start_line": 10}, "": {"executed_lines": [6, 7, 10], "summary": {"covered_lines": 3, "num_statements": 3, "percent_covered": 100.0, "percent_covered_display": "100", "missing_lines": 0, "excluded_lines": 0, "percent_statements_covered": 100.0, "percent_statements_covered_display": "100"}, "missing_lines": [], "excluded_lines": [], "start_line": 1}}, "classes": {"": {"executed_lines": [6, 7, 10, 24, 25, 27, 28, 29, 31, 32, 34], "summary": {"covered_lines": 11, "num_statements": 11, "percent_covered": 100.0, "percent_covered_display": "100", "missing_lines": 0, "excluded_lines": 0, "percent_statements_covered": 100.0, "percent_statements_covered_display": "100"}, "missing_lines": [], "excluded_lines": [], "start_line": 1}}}, "src\\db\\usuarios\\buscar_por_id.py": {"executed_lines": [6, 7, 10, 24, 25, 27, 28, 29, 30, 32, 33, 35], "summary": {"covered_lines": 12, "num_statements": 12, "percent_covered": 100.0, "percent_covered_display": "100", "missing_lines": 0, "excluded_lines": 0, "percent_statements_covered": 100.0, "percent_statements_covered_display": "100"}, "missing_lines": [], "excluded_lines": [], "functions": {"buscar_por_id": {"executed_lines": [24, 25, 27, 28, 29, 30, 32, 33, 35], "summary": {"covered_lines": 9, "num_statements": 9, "percent_covered": 100.0, "percent_covered_display": "100", "missing_lines": 0, "excluded_lines": 0, "percent_statements_covered": 100.0, "percent_statements_covered_display": "100"}, "missing_lines": [], "excluded_lines": [], "start_line": 10}, "": {"executed_lines": [6, 7, 10], "summary": {"covered_lines": 3, "num_statements": 3, "percent_covered": 100.0, "percent_covered_display": "100", "missing_lines": 0, "excluded_lines": 0, "percent_statements_covered": 100.0, "percent_statements_covered_display": "100"}, "missing_lines": [], "excluded_lines": [], "start_line": 1}}, "classes": {"": {"executed_lines": [6, 7, 10, 24, 25, 27, 28, 29, 30, 32, 33, 35], "summary": {"covered_lines": 12, "num_statements": 12, "percent_covered": 100.0, "percent_covered_display": "100", "missing_lines": 0, "excluded_lines": 0, "percent_statements_covered": 100.0, "percent_statements_covered_display": "100"}, "missing_lines": [], "excluded_lines": [], "start_line": 1}}}, "src\\db\\usuarios\\crear_usuario.py": {"executed_lines": [6, 7, 8, 11, 43, 44, 45, 46, 47, 48, 49, 50, 52, 53, 54, 56, 57, 58, 59, 60, 61, 63, 64, 65, 68, 69, 70, 73, 91, 92, 94], "summary": {"covered_lines": 31, "num_statements": 31, "percent_covered": 100.0, "percent_covered_display": "100", "missing_lines": 0, "excluded_lines": 0, "percent_statements_covered": 100.0, "percent_statements_covered_display": "100"}, "missing_lines": [], "excluded_lines": [], "functions": {"crear_usuario": {"executed_lines": [43, 44, 45, 46, 47, 48, 49, 50, 52, 53, 54, 56, 57, 58, 59, 60, 61, 63, 64, 65, 68, 69, 70, 73, 91, 92, 94], "summary": {"covered_lines": 27, "num_statements": 27, "percent_covered": 100.0, "percent_covered_display": "100", "missing_lines": 0, "excluded_lines": 0, "percent_statements_covered": 100.0, "percent_statements_covered_display": "100"}, "missing_lines": [], "excluded_lines": [], "start_line": 11}, "": {"executed_lines": [6, 7, 8, 11], "summary": {"covered_lines": 4, "num_statements": 4, "percent_covered": 100.0, "percent_covered_display": "100", "missing_lines": 0, "excluded_lines": 0, "percent_statements_covered": 100.0, "percent_statements_covered_display": "100"}, "missing_lines": [], "excluded_lines": [], "start_line": 1}}, "classes": {"": {"executed_lines": [6, 7, 8, 11, 43, 44, 45, 46, 47, 48, 49, 50, 52, 53, 54, 56, 57, 58, 59, 60, 61, 63, 64, 65, 68, 69, 70, 73, 91, 92, 94], "summary": {"covered_lines": 31, "num_statements": 31, "percent_covered": 100.0, "percent_covered_display": "100", "missing_lines": 0, "excluded_lines": 0, "percent_statements_covered": 100.0, "percent_statements_covered_display": "100"}, "missing_lines": [], "excluded_lines": [], "start_line": 1}}}, "src\\db\\usuarios\\desactivar_usuario.py": {"executed_lines": [6, 7, 10, 25, 26, 28, 29, 30, 31, 33, 34, 40, 41, 43], "summary": {"covered_lines": 14, "num_statements": 14, "percent_covered": 100.0, "percent_covered_display": "100", "missing_lines": 0, "excluded_lines": 0, "percent_statements_covered": 100.0, "percent_statements_covered_display": "100"}, "missing_lines": [], "excluded_lines": [], "functions": {"desactivar_usuario": {"executed_lines": [25, 26, 28, 29, 30, 31, 33, 34, 40, 41, 43], "summary": {"covered_lines": 11, "num_statements": 11, "percent_covered": 100.0, "percent_covered_display": "100", "missing_lines": 0, "excluded_lines": 0, "percent_statements_covered": 100.0, "percent_statements_covered_display": "100"}, "missing_lines": [], "excluded_lines": [], "start_line": 10}, "": {"executed_lines": [6, 7, 10], "summary": {"covered_lines": 3, "num_statements": 3, "percent_covered": 100.0, "percent_covered_display": "100", "missing_lines": 0, "excluded_lines": 0, "percent_statements_covered": 100.0, "percent_statements_covered_display": "100"}, "missing_lines": [], "excluded_lines": [], "start_line": 1}}, "classes": {"": {"executed_lines": [6, 7, 10, 25, 26, 28, 29, 30, 31, 33, 34, 40, 41, 43], "summary": {"covered_lines": 14, "num_statements": 14, "percent_covered": 100.0, "percent_covered_display": "100", "missing_lines": 0, "excluded_lines": 0, "percent_statements_covered": 100.0, "percent_statements_covered_display": "100"}, "missing_lines": [], "excluded_lines": [], "start_line": 1}}}, "src\\generador\\__init__.py": {"executed_lines": [6, 7, 8, 9, 10, 11, 12, 14], "summary": {"covered_lines": 8, "num_statements": 8, "percent_covered": 100.0, "percent_covered_display": "100", "missing_lines": 0, "excluded_lines": 0, "percent_statements_covered": 100.0, "percent_statements_covered_display": "100"}, "missing_lines": [], "excluded_lines": [], "functions": {"": {"executed_lines": [6, 7, 8, 9, 10, 11, 12, 14], "summary": {"covered_lines": 8, "num_statements": 8, "percent_covered": 100.0, "percent_covered_display": "100", "missing_lines": 0, "excluded_lines": 0, "percent_statements_covered": 100.0, "percent_statements_covered_display": "100"}, "missing_lines": [], "excluded_lines": [], "start_line": 1}}, "classes": {"": {"executed_lines": [6, 7, 8, 9, 10, 11, 12, 14], "summary": {"covered_lines": 8, "num_statements": 8, "percent_covered": 100.0, "percent_covered_display": "100", "missing_lines": 0, "excluded_lines": 0, "percent_statements_covered": 100.0, "percent_statements_covered_display": "100"}, "missing_lines": [], "excluded_lines": [], "start_line": 1}}}, "src\\generador\\asegurar_tipos_caracteres.py": {"executed_lines": [7, 8, 11, 27, 28, 30, 31, 34, 41, 42, 48, 51, 53, 55, 57, 59, 61, 64, 65, 66, 69, 70, 71, 77, 78, 79, 80, 82, 83, 85, 87], "summary": {"covered_lines": 31, "num_statements": 33, "percent_covered": 93.93939393939394, "percent_covered_display": "94", "missing_lines": 2, "excluded_lines": 0, "percent_statements_covered": 93.93939393939394, "percent_statements_covered_display": "94"}, "missing_lines": [72, 74], "excluded_lines": [], "functions": {"asegurar_tipos_caracteres": {"executed_lines": [27, 28, 30, 31, 34, 41, 42, 48, 51, 57, 64, 65, 66, 69, 70, 71, 77, 78, 79, 80, 82, 83, 85, 87], "summary": {"covered_lines": 24, "num_statements": 26, "percent_covered": 92.3076923076923, "percent_covered_display": "92", "missing_lines": 2, "excluded_lines": 0, "percent_statements_covered": 92.3076923076923, "percent_statements_covered_display": "92"}, "missing_lines": [72, 74], "excluded_lines": [], "start_line": 11}, "asegurar_tipos_caracteres.elegir_mayuscula": {"executed_lines": [53, 55], "summary": {"covered_lines": 2, "num_statements": 2, "percent_covered": 100.0, "percent_covered_display": "100", "missing_lines": 0, "excluded_lines": 0, "percent_statements_covered": 100.0, "percent_statements_covered_display": "100"}, "missing_lines": [], "excluded_lines": [], "start_line": 51}, "asegurar_tipos_caracteres.elegir_numero": {"executed_lines": [59, 61], "summary": {"covered_lines": 2, "num_statements": 2, "percent_covered": 100.0, "percent_covered_display": "100", "missing_lines": 0, "excluded_lines": 0, "percent_statements_covered": 100.0, "percent_statements_covered_display": "100"}, "missing_lines": [], "excluded_lines": [], "start_line": 57}, "": {"executed_lines": [7, 8, 11], "summary": {"covered_lines": 3, "num_statements": 3, "percent_covered": 100.0, "percent_covered_display": "100", "missing_lines": 0, "excluded_lines": 0, "percent_statements_covered": 100.0, "percent_statements_covered_display": "100"}, "missing_lines": [], "excluded_lines": [], "start_line": 1}}, "classes": {"": {"executed_lines": [7, 8, 11, 27, 28, 30, 31, 34, 41, 42, 48, 51, 53, 55, 57, 59, 61, 64, 65, 66, 69, 70, 71, 77, 78, 79, 80, 82, 83, 85, 87], "summary": {"covered_lines": 31, "num_statements": 33, "percent_covered": 93.93939393939394, "percent_covered_display": "94", "missing_lines": 2, "excluded_lines": 0, "percent_statements_covered": 93.93939393939394, "percent_statements_covered_display": "94"}, "missing_lines": [72, 74], "excluded_lines": [], "start_line": 1}}}, "src\\generador\\calcular_puntuacion.py": {"executed_lines": [7, 8, 9, 10, 11, 14, 87], "summary": {"covered_lines": 7, "num_statements": 43, "percent_covered": 16.27906976744186, "percent_covered_display": "16", "missing_lines": 36, "excluded_lines": 0, "percent_statements_covered": 16.27906976744186, "percent_statements_covered_display": "16"}, "missing_lines": [37, 38, 41, 42, 45, 46, 47, 51, 52, 55, 58, 61, 62, 63, 64, 65, 66, 67, 68, 70, 72, 81, 82, 84, 111, 112, 115, 118, 119, 122, 123, 126, 127, 128, 129, 131], "excluded_lines": [], "functions": {"calcular_puntuacion": {"executed_lines": [], "summary": {"covered_lines": 0, "num_statements": 24, "percent_covered": 0.0, "percent_covered_display": "0", "missing_lines": 24, "excluded_lines": 0, "percent_statements_covered": 0.0, "percent_statements_covered_display": "0"}, "missing_lines": [37, 38, 41, 42, 45, 46, 47, 51, 52, 55, 58, 61, 62, 63, 64, 65, 66, 67, 68, 70, 72, 81, 82, 84], "excluded_lines": [], "start_line": 14}, "generar_y_evaluar": {"executed_lines": [], "summary": {"covered_lines": 0, "num_statements": 12, "percent_covered": 0.0, "percent_covered_display": "0", "missing_lines": 12, "excluded_lines": 0, "percent_statements_covered": 0.0, "percent_statements_covered_display": "0"}, "missing_lines": [111, 112, 115, 118, 119, 122, 123, 126, 127, 128, 129, 131], "excluded_lines": [], "start_line": 87}, "": {"executed_lines": [7, 8, 9, 10, 11, 14, 87], "summary": {"covered_lines": 7, "num_statements": 7, "percent_covered": 100.0, "percent_covered_display": "100", "missing_lines": 0, "excluded_lines": 0, "percent_statements_covered": 100.0, "percent_statements_covered_display": "100"}, "missing_lines": [], "excluded_lines": [], "start_line": 1}}, "classes": {"": {"executed_lines": [7, 8, 9, 10, 11, 14, 87], "summary": {"covered_lines": 7, "num_statements": 43, "percent_covered": 16.27906976744186, "percent_covered_display": "16", "missing_lines": 36, "excluded_lines": 0, "percent_statements_covered": 16.27906976744186, "percent_statements_covered_display": "16"}, "missing_lines": [37, 38, 41, 42, 45, 46, 47, 51, 52, 55, 58, 61, 62, 63, 64, 65, 66, 67, 68, 70, 72, 81, 82, 84, 111, 112, 115, 118, 119, 122, 123, 126, 127, 128, 129, 131], "excluded_lines": [], "start_line": 1}}}, "src\\generador\\construir_juego_caracteres.py": {"executed_lines": [7, 10, 29, 30, 32, 34, 35, 36, 39, 40, 41, 45, 48, 49, 51, 52, 54, 55, 58, 59, 60, 65, 70], "summary": {"covered_lines": 23, "num_statements": 24, "percent_covered": 95.83333333333333, "percent_covered_display": "96", "missing_lines": 1, "excluded_lines": 0, "percent_statements_covered": 95.83333333333333, "percent_statements_covered_display": "96"}, "missing_lines": [66], "excluded_lines": [], "functions": {"construir_juego_caracteres": {"executed_lines": [29, 30, 32, 34, 35, 36, 39, 40, 41, 45, 48, 49, 51, 52, 54, 55, 58, 59, 60, 65, 70], "summary": {"covered_lines": 21, "num_statements": 22, "percent_covered": 95.45454545454545, "percent_covered_display": "95", "missing_lines": 1, "excluded_lines": 0, "percent_statements_covered": 95.45454545454545, "percent_statements_covered_display": "95"}, "missing_lines": [66], "excluded_lines": [], "start_line": 10}, "": {"executed_lines": [7, 10], "summary": {"covered_lines": 2, "num_statements": 2, "percent_covered": 100.0, "percent_covered_display": "100", "missing_lines": 0, "excluded_lines": 0, "percent_statements_covered": 100.0, "percent_statements_covered_display": "100"}, "missing_lines": [], "excluded_lines": [], "start_line": 1}}, "classes": {"": {"executed_lines": [7, 10, 29, 30, 32, 34, 35, 36, 39, 40, 41, 45, 48, 49, 51, 52, 54, 55, 58, 59, 60, 65, 70], "summary": {"covered_lines": 23, "num_statements": 24, "percent_covered": 95.83333333333333, "percent_covered_display": "96", "missing_lines": 1, "excluded_lines": 0, "percent_statements_covered": 95.83333333333333, "percent_statements_covered_display": "96"}, "missing_lines": [66], "excluded_lines": [], "start_line": 1}}}, "src\\generador\\detectar_patrones.py": {"executed_lines": [7, 41, 42, 45, 46, 48, 62, 63, 65, 67, 68, 71, 72, 73, 74, 75, 78, 85, 86, 88, 91, 92, 95, 96, 97, 101, 102, 103, 106, 107, 108, 112, 113, 114, 118, 119, 120, 121, 122, 123, 124, 125, 126, 127, 128, 131, 133], "summary": {"covered_lines": 47, "num_statements": 47, "percent_covered": 100.0, "percent_covered_display": "100", "missing_lines": 0, "excluded_lines": 0, "percent_statements_covered": 100.0, "percent_statements_covered_display": "100"}, "missing_lines": [], "excluded_lines": [], "functions": {"detectar_patrones": {"executed_lines": [41, 42, 45, 46, 48, 62, 63, 65, 67, 68, 71, 72, 73, 74, 75, 78, 85, 86, 88, 91, 92, 95, 96, 97, 101, 102, 103, 106, 107, 108, 112, 113, 114, 118, 119, 120, 121, 122, 123, 124, 125, 126, 127, 128, 131, 133], "summary": {"covered_lines": 46, "num_statements": 46, "percent_covered": 100.0, "percent_covered_display": "100", "missing_lines": 0, "excluded_lines": 0, "percent_statements_covered": 100.0, "percent_statements_covered_display": "100"}, "missing_lines": [], "excluded_lines": [], "start_line": 7}, "": {"executed_lines": [7], "summary": {"covered_lines": 1, "num_statements": 1, "percent_covered": 100.0, "percent_covered_display": "100", "missing_lines": 0, "excluded_lines": 0, "percent_statements_covered": 100.0, "percent_statements_covered_display": "100"}, "missing_lines": [], "excluded_lines": [], "start_line": 1}}, "classes": {"": {"executed_lines": [7, 41, 42, 45, 46, 48, 62, 63, 65, 67, 68, 71, 72, 73, 74, 75, 78, 85, 86, 88, 91, 92, 95, 96, 97, 101, 102, 103, 106, 107, 108, 112, 113, 114, 118, 119, 120, 121, 122, 123, 124, 125, 126, 127, 128, 131, 133], "summary": {"covered_lines": 47, "num_statements": 47, "percent_covered": 100.0, "percent_covered_display": "100", "missing_lines": 0, "excluded_lines": 0, "percent_statements_covered": 100.0, "percent_statements_covered_display": "100"}, "missing_lines": [], "excluded_lines": [], "start_line": 1}}}, "src\\generador\\evaluar_fortaleza.py": {"executed_lines": [7, 8, 11, 47, 48, 51, 52, 54, 55, 58, 59, 62, 63, 64, 65, 66, 67, 68, 69, 70, 71, 72, 73, 76, 77, 80, 81, 82, 83, 85, 86, 87, 88, 91, 92, 95, 96, 97, 98, 99, 100, 101, 102, 105, 106, 110, 111, 112, 113, 114, 115, 116, 121, 122, 123, 124, 125, 126, 127, 131, 132, 133, 137, 138, 139, 140, 141, 142, 143, 144, 145, 147, 148, 152, 155, 156, 157, 158, 161, 162, 165, 166, 167, 170, 171, 172, 173, 174, 175, 176, 177, 178, 179, 182, 185, 188, 189, 190, 191, 192, 193, 195, 197], "summary": {"covered_lines": 103, "num_statements": 105, "percent_covered": 98.0952380952381, "percent_covered_display": "98", "missing_lines": 2, "excluded_lines": 0, "percent_statements_covered": 98.0952380952381, "percent_statements_covered_display": "98"}, "missing_lines": [150, 180], "excluded_lines": [], "functions": {"evaluar_fortaleza": {"executed_lines": [47, 48, 51, 52, 54, 55, 58, 59, 62, 63, 64, 65, 66, 67, 68, 69, 70, 71, 72, 73, 76, 77, 80, 81, 82, 83, 85, 86, 87, 88, 91, 92, 95, 96, 97, 98, 99, 100, 101, 102, 105, 106, 110, 111, 112, 113, 114, 115, 116, 121, 122, 123, 124, 125, 126, 127, 131, 132, 133, 137, 138, 139, 140, 141, 142, 143, 144, 145, 147, 148, 152, 155, 156, 157, 158, 161, 162, 165, 166, 167, 170, 171, 172, 173, 174, 175, 176, 177, 178, 179, 182, 185, 188, 189, 190, 191, 192, 193, 195, 197], "summary": {"covered_lines": 100, "num_statements": 102, "percent_covered": 98.03921568627452, "percent_covered_display": "98", "missing_lines": 2, "excluded_lines": 0, "percent_statements_covered": 98.03921568627452, "percent_statements_covered_display": "98"}, "missing_lines": [150, 180], "excluded_lines": [], "start_line": 11}, "": {"executed_lines": [7, 8, 11], "summary": {"covered_lines": 3, "num_statements": 3, "percent_covered": 100.0, "percent_covered_display": "100", "missing_lines": 0, "excluded_lines": 0, "percent_statements_covered": 100.0, "percent_statements_covered_display": "100"}, "missing_lines": [], "excluded_lines": [], "start_line": 1}}, "classes": {"": {"executed_lines": [7, 8, 11, 47, 48, 51, 52, 54, 55, 58, 59, 62, 63, 64, 65, 66, 67, 68, 69, 70, 71, 72, 73, 76, 77, 80, 81, 82, 83, 85, 86, 87, 88, 91, 92, 95, 96, 97, 98, 99, 100, 101, 102, 105, 106, 110, 111, 112, 113, 114, 115, 116, 121, 122, 123, 124, 125, 126, 127, 131, 132, 133, 137, 138, 139, 140, 141, 142, 143, 144, 145, 147, 148, 152, 155, 156, 157, 158, 161, 162, 165, 166, 167, 170, 171, 172, 173, 174, 175, 176, 177, 178, 179, 182, 185, 188, 189, 190, 191, 192, 193, 195, 197], "summary": {"covered_lines": 103, "num_statements": 105, "percent_covered": 98.0952380952381, "percent_covered_display": "98", "missing_lines": 2, "excluded_lines": 0, "percent_statements_covered": 98.0952380952381, "percent_statements_covered_display": "98"}, "missing_lines": [150, 180], "excluded_lines": [], "start_line": 1}}}, "src\\generador\\generar_contrase\u00f1a.py": {"executed_lines": [7, 8, 9, 12, 32, 33, 35, 37, 38, 39, 41, 43, 44, 47, 49, 50, 51, 52, 53, 54, 57, 58, 59, 64, 67, 69, 72], "summary": {"covered_lines": 27, "num_statements": 46, "percent_covered": 58.69565217391305, "percent_covered_display": "59", "missing_lines": 19, "excluded_lines": 0, "percent_statements_covered": 58.69565217391305, "percent_statements_covered_display": "59"}, "missing_lines": [90, 91, 92, 93, 96, 98, 99, 104, 105, 111, 112, 115, 116, 117, 120, 121, 122, 123, 125], "excluded_lines": [], "functions": {"generar_contrase\u00f1a": {"executed_lines": [32, 33, 35, 37, 38, 39, 41, 43, 44, 47, 49, 50, 51, 52, 53, 54, 57, 58, 59, 64, 67, 69], "summary": {"covered_lines": 22, "num_statements": 22, "percent_covered": 100.
[...]
ed_display": "100", "missing_lines": 0, "excluded_lines": 0, "percent_statements_covered": 100.0, "percent_statements_covered_display": "100"}, "missing_lines": [], "excluded_lines": [], "start_line": 1}}, "classes": {"": {"executed_lines": [7, 8, 9, 10, 11, 12, 15, 42, 43, 47, 48, 53, 56, 57, 61, 70, 71, 72, 73, 74, 75, 78, 79, 84, 85, 94, 95, 101, 102, 104, 110, 111, 117, 126, 137, 138, 142, 143, 148], "summary": {"covered_lines": 39, "num_statements": 40, "percent_covered": 97.5, "percent_covered_display": "98", "missing_lines": 1, "excluded_lines": 0, "percent_statements_covered": 97.5, "percent_statements_covered_display": "98"}, "missing_lines": [105], "excluded_lines": [], "start_line": 1}}}, "src\\timer\\ciclo_pomodoro.py": {"executed_lines": [7, 8, 16, 19, 28, 36, 37, 41, 42, 43, 46, 48, 55, 83, 84, 85, 86, 88, 89, 90, 91, 92, 95, 96, 98, 99, 100, 102, 103, 104, 108, 111, 117, 118, 121, 139, 140, 142, 152, 166, 167, 168, 169, 171, 172, 173, 177, 178, 183, 184, 186, 200, 225, 226, 227, 228, 230, 231, 232, 234, 235, 236, 240, 241, 246, 247, 249, 250, 251, 252, 253, 255, 257, 258, 261, 262, 268, 275, 277, 278, 279, 284, 291, 299, 300, 301, 303, 311, 318, 325, 326, 363, 365, 373, 379], "summary": {"covered_lines": 95, "num_statements": 112, "percent_covered": 84.82142857142857, "percent_covered_display": "85", "missing_lines": 17, "excluded_lines": 0, "percent_statements_covered": 84.82142857142857, "percent_statements_covered_display": "85"}, "missing_lines": [49, 50, 51, 52, 105, 174, 175, 237, 238, 328, 337, 345, 346, 347, 353, 355, 387], "excluded_lines": [], "functions": {"registrar_callback": {"executed_lines": [36, 37, 41, 42, 43], "summary": {"covered_lines": 5, "num_statements": 5, "percent_covered": 100.0, "percent_covered_display": "100", "missing_lines": 0, "excluded_lines": 0, "percent_statements_covered": 100.0, "percent_statements_covered_display": "100"}, "missing_lines": [], "excluded_lines": [], "start_line": 28}, "_emitir_evento": {"executed_lines": [48], "summary": {"covered_lines": 1, "num_statements": 5, "percent_covered": 20.0, "percent_covered_display": "20", "missing_lines": 4, "excluded_lines": 0, "percent_statements_covered": 20.0, "percent_statements_covered_display": "20"}, "missing_lines": [49, 50, 51, 52], "excluded_lines": [], "start_line": 46}, "iniciar_ciclo": {"executed_lines": [83, 84, 85, 86, 88, 89, 90, 91, 92, 95, 96, 98, 99, 100, 102, 103, 104, 108, 111, 117, 118, 121, 139, 140, 142], "summary": {"covered_lines": 25, "num_statements": 26, "percent_covered": 96.15384615384616, "percent_covered_display": "96", "missing_lines": 1, "excluded_lines": 0, "percent_statements_covered": 96.15384615384616, "percent_statements_covered_display": "96"}, "missing_lines": [105], "excluded_lines": [], "start_line": 55}, "obtener_estado_ciclo": {"executed_lines": [166, 167, 168, 169, 171, 172, 173, 177, 178, 183, 184, 186], "summary": {"covered_lines": 12, "num_statements": 14, "percent_covered": 85.71428571428571, "percent_covered_display": "86", "missing_lines": 2, "excluded_lines": 0, "percent_statements_covered": 85.71428571428571, "percent_statements_covered_display": "86"}, "missing_lines": [174, 175], "excluded_lines": [], "start_line": 152}, "manejar_evento_timer": {"executed_lines": [225, 226, 227, 228, 230, 231, 232, 234, 235, 236, 240, 241, 246, 247, 249, 250, 251, 252, 253, 255, 257, 258, 261, 262, 268, 275, 277, 278, 279, 284, 291, 299, 300, 301, 303, 311, 318, 325, 326, 363, 365, 373, 379], "summary": {"covered_lines": 43, "num_statements": 53, "percent_covered": 81.13207547169812, "percent_covered_display": "81", "missing_lines": 10, "excluded_lines": 0, "percent_statements_covered": 81.13207547169812, "percent_statements_covered_display": "81"}, "missing_lines": [237, 238, 328, 337, 345, 346, 347, 353, 355, 387], "excluded_lines": [], "start_line": 200}, "": {"executed_lines": [7, 8, 16, 19, 28, 46, 55, 152, 200], "summary": {"covered_lines": 9, "num_statements": 9, "percent_covered": 100.0, "percent_covered_display": "100", "missing_lines": 0, "excluded_lines": 0, "percent_statements_covered": 100.0, "percent_statements_covered_display": "100"}, "missing_lines": [], "excluded_lines": [], "start_line": 1}}, "classes": {"": {"executed_lines": [7, 8, 16, 19, 28, 36, 37, 41, 42, 43, 46, 48, 55, 83, 84, 85, 86, 88, 89, 90, 91, 92, 95, 96, 98, 99, 100, 102, 103, 104, 108, 111, 117, 118, 121, 139, 140, 142, 152, 166, 167, 168, 169, 171, 172, 173, 177, 178, 183, 184, 186, 200, 225, 226, 227, 228, 230, 231, 232, 234, 235, 236, 240, 241, 246, 247, 249, 250, 251, 252, 253, 255, 257, 258, 261, 262, 268, 275, 277, 278, 279, 284, 291, 299, 300, 301, 303, 311, 318, 325, 326, 363, 365, 373, 379], "summary": {"covered_lines": 95, "num_statements": 112, "percent_covered": 84.82142857142857, "percent_covered_display": "85", "missing_lines": 17, "excluded_lines": 0, "percent_statements_covered": 84.82142857142857, "percent_statements_covered_display": "85"}, "missing_lines": [49, 50, 51, 52, 105, 174, 175, 237, 238, 328, 337, 345, 346, 347, 353, 355, 387], "excluded_lines": [], "start_line": 1}}}, "src\\timer\\estados.py": {"executed_lines": [7, 10, 11, 12, 13, 14, 17, 40, 47, 50, 90, 91, 95, 96, 101, 102, 104, 105, 111, 112, 113, 114, 115, 116, 117, 122, 123, 128, 129, 134, 135, 136, 139, 140, 144, 145, 147, 148, 150, 151, 152, 153, 154, 156, 157, 159, 161, 163], "summary": {"covered_lines": 48, "num_statements": 48, "percent_covered": 100.0, "percent_covered_display": "100", "missing_lines": 0, "excluded_lines": 0, "percent_statements_covered": 100.0, "percent_statements_covered_display": "100"}, "missing_lines": [], "excluded_lines": [], "functions": {"obtener_transiciones_validas": {"executed_lines": [47], "summary": {"covered_lines": 1, "num_statements": 1, "percent_covered": 100.0, "percent_covered_display": "100", "missing_lines": 0, "excluded_lines": 0, "percent_statements_covered": 100.0, "percent_statements_covered_display": "100"}, "missing_lines": [], "excluded_lines": [], "start_line": 40}, "calcular_ciclos_jornada": {"executed_lines": [90, 91, 95, 96, 101, 102, 104, 105, 111, 112, 113, 114, 115, 116, 117, 122, 123, 128, 129, 134, 135, 136, 139, 140, 144, 145, 147, 148, 150, 151, 152, 153, 154, 156, 157, 159, 161, 163], "summary": {"covered_lines": 38, "num_statements": 38, "percent_covered": 100.0, "percent_covered_display": "100", "missing_lines": 0, "excluded_lines": 0, "percent_statements_covered": 100.0, "percent_statements_covered_display": "100"}, "missing_lines": [], "excluded_lines": [], "start_line": 50}, "": {"executed_lines": [7, 10, 11, 12, 13, 14, 17, 40, 50], "summary": {"covered_lines": 9, "num_statements": 9, "percent_covered": 100.0, "percent_covered_display": "100", "missing_lines": 0, "excluded_lines": 0, "percent_statements_covered": 100.0, "percent_statements_covered_display": "100"}, "missing_lines": [], "excluded_lines": [], "start_line": 1}}, "classes": {"": {"executed_lines": [7, 10, 11, 12, 13, 14, 17, 40, 47, 50, 90, 91, 95, 96, 101, 102, 104, 105, 111, 112, 113, 114, 115, 116, 117, 122, 123, 128, 129, 134, 135, 136, 139, 140, 144, 145, 147, 148, 150, 151, 152, 153, 154, 156, 157, 159, 161, 163], "summary": {"covered_lines": 48, "num_statements": 48, "percent_covered": 100.0, "percent_covered_display": "100", "missing_lines": 0, "excluded_lines": 0, "percent_statements_covered": 100.0, "percent_statements_covered_display": "100"}, "missing_lines": [], "excluded_lines": [], "start_line": 1}}}, "src\\timer\\servicio_sesiones.py": {"executed_lines": [8, 9, 12, 30, 31, 32, 33, 34, 35, 37, 38, 39, 40, 41, 43, 45, 56, 57, 58, 60], "summary": {"covered_lines": 20, "num_statements": 20, "percent_covered": 100.0, "percent_covered_display": "100", "missing_lines": 0, "excluded_lines": 0, "percent_statements_covered": 100.0, "percent_statements_covered_display": "100"}, "missing_lines": [], "excluded_lines": [], "functions": {"registrar_sesion_pomodoro": {"executed_lines": [30, 31, 32, 33, 34, 35, 37, 38, 39, 40, 41, 43, 45, 56, 57, 58, 60], "summary": {"covered_lines": 17, "num_statements": 17, "percent_covered": 100.0, "percent_covered_display": "100", "missing_lines": 0, "excluded_lines": 0, "percent_statements_covered": 100.0, "percent_statements_covered_display": "100"}, "missing_lines": [], "excluded_lines": [], "start_line": 12}, "": {"executed_lines": [8, 9, 12], "summary": {"covered_lines": 3, "num_statements": 3, "percent_covered": 100.0, "percent_covered_display": "100", "missing_lines": 0, "excluded_lines": 0, "percent_statements_covered": 100.0, "percent_statements_covered_display": "100"}, "missing_lines": [], "excluded_lines": [], "start_line": 1}}, "classes": {"": {"executed_lines": [8, 9, 12, 30, 31, 32, 33, 34, 35, 37, 38, 39, 40, 41, 43, 45, 56, 57, 58, 60], "summary": {"covered_lines": 20, "num_statements": 20, "percent_covered": 100.0, "percent_covered_display": "100", "missing_lines": 0, "excluded_lines": 0, "percent_statements_covered": 100.0, "percent_statements_covered_display": "100"}, "missing_lines": [], "excluded_lines": [], "start_line": 1}}}, "src\\timer\\servicio_timer.py": {"executed_lines": [7, 8, 9, 10, 17, 18, 21, 24, 27, 28, 30, 31, 32, 33, 34, 35, 37, 39, 40, 41, 42, 43, 44, 45, 46, 47, 48, 49, 50, 51, 52, 54, 55, 63, 65, 78, 111, 141, 168, 227, 281, 296, 307, 309, 311, 330, 331, 403, 404, 411, 466, 553, 568], "summary": {"covered_lines": 53, "num_statements": 256, "percent_covered": 20.703125, "percent_covered_display": "21", "missing_lines": 203, "excluded_lines": 0, "percent_statements_covered": 20.703125, "percent_statements_covered_display": "21"}, "missing_lines": [57, 58, 59, 60, 61, 81, 83, 84, 86, 87, 88, 90, 91, 93, 94, 95, 100, 101, 102, 103, 104, 105, 106, 107, 108, 109, 116, 118, 119, 121, 122, 125, 126, 127, 129, 130, 131, 132, 134, 135, 137, 139, 143, 144, 145, 146, 147, 165, 166, 175, 177, 179, 181, 185, 187, 188, 192, 193, 195, 196, 197, 198, 199, 200, 201, 202, 203, 204, 205, 206, 209, 210, 211, 212, 213, 214, 215, 217, 219, 221, 223, 224, 225, 229, 231, 232, 233, 234, 235, 237, 238, 240, 242, 243, 244, 245, 247, 248, 249, 250, 252, 253, 254, 255, 257, 258, 259, 260, 261, 262, 263, 265, 267, 268, 269, 270, 271, 272, 274, 275, 276, 277, 279, 283, 284, 285, 286, 288, 289, 291, 292, 293, 294, 298, 299, 301, 302, 304, 305, 332, 336, 337, 344, 346, 347, 354, 357, 358, 359, 361, 364, 365, 378, 379, 381, 383, 384, 396, 424, 426, 428, 429, 432, 433, 434, 439, 440, 443, 444, 447, 448, 459, 461, 463, 464, 478, 480, 481, 485, 488, 492, 493, 494, 497, 498, 501, 502, 503, 515, 516, 519, 530, 533, 535, 546, 547, 555, 556, 558, 559, 561, 562, 564], "excluded_lines": [], "functions": {"ServicioTimer.__new__": {"executed_lines": [31, 32, 33, 34, 35], "summary": {"covered_lines": 5, "num_statements": 5, "percent_covered": 100.0, "percent_covered_display": "100", "missing_lines": 0, "excluded_lines": 0, "percent_statements_covered": 100.0, "percent_statements_covered_display": "100"}, "missing_lines": [], "excluded_lines": [], "start_line": 30}, "ServicioTimer._inicializar": {"executed_lines": [39, 40, 41, 42, 43, 44, 45, 46, 47, 48, 49, 50, 51, 52], "summary": {"covered_lines": 14, "num_statements": 14, "percent_covered": 100.0, "percent_covered_display": "100", "missing_lines": 0, "excluded_lines": 0, "percent_statements_covered": 100.0, "percent_statements_covered_display": "100"}, "missing_lines": [], "excluded_lines": [], "start_line": 37}, "ServicioTimer._parsear_oid": {"executed_lines": [], "summary": {"covered_lines": 0, "num_statements": 5, "percent_covered": 0.0, "percent_covered_display": "0", "missing_lines": 5, "excluded_lines": 0, "percent_statements_covered": 0.0, "percent_statements_covered_display": "0"}, "missing_lines": [57, 58, 59, 60, 61], "excluded_lines": [], "start_line": 55}, "ServicioTimer.obtener_estado": {"executed_lines": [65], "summary": {"covered_lines": 1, "num_statements": 1, "percent_covered": 100.0, "percent_covered_display": "100", "missing_lines": 0, "excluded_lines": 0, "percent_statements_covered": 100.0, "percent_statements_covered_display": "100"}, "missing_lines": [], "excluded_lines": [], "start_line": 63}, "ServicioTimer.iniciar": {"executed_lines": [], "summary": {"covered_lines": 0, "num_statements": 21, "percent_covered": 0.0, "percent_covered_display": "0", "missing_lines": 21, "excluded_lines": 0, "percent_statements_covered": 0.0, "percent_statements_covered_display": "0"}, "missing_lines": [81, 83, 84, 86, 87, 88, 90, 91, 93, 94, 95, 100, 101, 102, 103, 104, 105, 106, 107, 108, 109], "excluded_lines": [], "start_line": 78}, "ServicioTimer.tick": {"executed_lines": [], "summary": {"covered_lines": 0, "num_statements": 16, "percent_covered": 0.0, "percent_covered_display": "0", "missing_lines": 16, "excluded_lines": 0, "percent_statements_covered": 0.0, "percent_statements_covered_display": "0"}, "missing_lines": [116, 118, 119, 121, 122, 125, 126, 127, 129, 130, 131, 132, 134, 135, 137, 139], "excluded_lines": [], "start_line": 111}, "ServicioTimer._guardar_estado_bd": {"executed_lines": [], "summary": {"covered_lines": 0, "num_statements": 7, "percent_covered": 0.0, "percent_covered_display": "0", "missing_lines": 7, "excluded_lines": 0, "percent_statements_covered": 0.0, "percent_statements_covered_display": "0"}, "missing_lines": [143, 144, 145, 146, 147, 165, 166], "excluded_lines": [], "start_line": 141}, "ServicioTimer.restaurar_desde_bd": {"executed_lines": [], "summary": {"covered_lines": 0, "num_statements": 34, "percent_covered": 0.0, "percent_covered_display": "0", "missing_lines": 34, "excluded_lines": 0, "percent_statements_covered": 0.0, "percent_statements_covered_display": "0"}, "missing_lines": [175, 177, 179, 181, 185, 187, 188, 192, 193, 195, 196, 197, 198, 199, 200, 201, 202, 203, 204, 205, 206, 209, 210, 211, 212, 213, 214, 215, 217, 219, 221, 223, 224, 225], "excluded_lines": [], "start_line": 168}, "ServicioTimer._manejar_fin_estado": {"executed_lines": [], "summary": {"covered_lines": 0, "num_statements": 40, "percent_covered": 0.0, "percent_covered_display": "0", "missing_lines": 40, "excluded_lines": 0, "percent_statements_covered": 0.0, "percent_statements_covered_display": "0"}, "missing_lines": [229, 231, 232, 233, 234, 235, 237, 238, 240, 242, 243, 244, 245, 247, 248, 249, 250, 252, 253, 254, 255, 257, 258, 259, 260, 261, 262, 263, 265, 267, 268, 269, 270, 271, 272, 274, 275, 276, 277, 279], "excluded_lines": [], "start_line": 227}, "ServicioTimer.pausar": {"executed_lines": [], "summary": {"covered_lines": 0, "num_statements": 10, "percent_covered": 0.0, "percent_covered_display": "0", "missing_lines": 10, "excluded_lines": 0, "percent_statements_covered": 0.0, "percent_statements_covered_display": "0"}, "missing_lines": [283, 284, 285, 286, 288, 289, 291, 292, 293, 294], "excluded_lines": [], "start_line": 281}, "ServicioTimer.reanudar": {"executed_lines": [], "summary": {"covered_lines": 0, "num_statements": 6, "percent_covered": 0.0, "percent_covered_display": "0", "missing_lines": 6, "excluded_lines": 0, "percent_statements_covered": 0.0, "percent_statements_covered_display": "0"}, "missing_lines": [298, 299, 301, 302, 304, 305], "excluded_lines": [], "start_line": 296}, "ServicioTimer.destruir": {"executed_lines": [309], "summary": {"covered_lines": 1, "num_statements": 1, "percent_covered": 100.0, "percent_covered_display": "100", "missing_lines": 0, "excluded_lines": 0, "percent_statements_covered": 100.0, "percent_statements_covered_display": "100"}, "missing_lines": [], "excluded_lines": [], "start_line": 307}, "ServicioTimer.verificar_sesion_expirada": {"executed_lines": [330, 331, 403, 404], "summary": {"covered_lines": 4, "num_statements": 23, "percent_covered": 17.391304347826086, "percent_covered_display": "17", "missing_lines": 19, "excluded_lines": 0, "percent_statements_covered": 17.391304347826086, "percent_statements_covered_display": "17"}, "missing_lines": [332, 336, 337, 344, 346, 347, 354, 357, 358, 359, 361, 364, 365, 378, 379, 381, 383, 384, 396], "excluded_lines": [], "start_line": 311}, "ServicioTimer.forzar_reset_por_expiracion": {"executed_lines": [], "summary": {"covered_lines": 0, "num_statements": 17, "percent_covered": 0.0, "percent_covered_display": "0", "missing_lines": 17, "excluded_lines": 0, "percent_statements_covered": 0.0, "percent_statements_covered_display": "0"}, "missing_lines": [424, 426, 428, 429, 432, 433, 434, 439, 440, 443, 444, 447, 448, 459, 461, 463, 464], "excluded_lines": [], "start_line": 411}, "ServicioTimer.fin_jornada_laboral": {"executed_lines": [], "summary": {"covered_lines": 0, "num_statements": 21, "percent_covered": 0.0, "percent_covered_display": "0", "missing_lines": 21, "excluded_lines": 0, "percent_statements_covered": 0.0, "percent_statements_covered_display": "0"}, "missing_lines": [478, 480, 481, 485, 488, 492, 493, 494, 497, 498, 501, 502, 503, 515, 516, 519, 530, 533, 535, 546, 547], "excluded_lines": [], "start_line": 466}, "_formatear_tiempo": {"executed_lines": [], "summary": {"covered_lines": 0, "num_statements": 7, "percent_covered": 0.0, "percent_covered_display": "0", "missing_lines": 7, "excluded_lines": 0, "percent_statements_covered": 0.0, "percent_statements_covered_display": "0"}, "missing_lines": [555, 556, 558, 559, 561, 562, 564], "excluded_lines": [], "start_line": 553}, "": {"executed_lines": [7, 8, 9, 10, 17, 18, 21, 24, 27, 28, 30, 37, 54, 55, 63, 78, 111, 141, 168, 227, 281, 296, 307, 311, 411, 466, 553, 568], "summary": {"covered_lines": 28, "num_statements": 28, "percent_covered": 100.0, "percent_covered_display": "100", "missing_lines": 0, "excluded_lines": 0, "percent_statements_covered": 100.0, "percent_statements_covered_display": "100"}, "missing_lines": [], "excluded_lines": [], "start_line": 1}}, "classes": {"ServicioTimer": {"executed_lines": [31, 32, 33, 34, 35, 39, 40, 41, 42, 43, 44, 45, 46, 47, 48, 49, 50, 51, 52, 65, 309, 330, 331, 403, 404], "summary": {"covered_lines": 25, "num_statements": 221, "percent_covered": 11.312217194570136, "percent_covered_display": "11", "missing_lines": 196, "excluded_lines": 0, "percent_statements_covered": 11.312217194570136, "percent_statements_covered_display": "11"}, "missing_lines": [57, 58, 59, 60, 61, 81, 83, 84, 86, 87, 88, 90, 91, 93, 94, 95, 100, 101, 102, 103, 104, 105, 106, 107, 108, 109, 116, 118, 119, 121, 122, 125, 126, 127, 129, 130, 131, 132, 134, 135, 137, 139, 143, 144, 145, 146, 147, 165, 166, 175, 177, 179, 181, 185, 187, 188, 192, 193, 195, 196, 197, 198, 199, 200, 201, 202, 203, 204, 205, 206, 209, 210, 211, 212, 213, 214, 215, 217, 219, 221, 223, 224, 225, 229, 231, 232, 233, 234, 235, 237, 238, 240, 242, 243, 244, 245, 247, 248, 249, 250, 252, 253, 254, 255, 257, 258, 259, 260, 261, 262, 263, 265, 267, 268, 269, 270, 271, 272, 274, 275, 276, 277, 279, 283, 284, 285, 286, 288, 289, 291, 292, 293, 294, 298, 299, 301, 302, 304, 305, 332, 336, 337, 344, 346, 347, 354, 357, 358, 359, 361, 364, 365, 378, 379, 381, 383, 384, 396, 424, 426, 428, 429, 432, 433, 434, 439, 440, 443, 444, 447, 448, 459, 461, 463, 464, 478, 480, 481, 485, 488, 492, 493, 494, 497, 498, 501, 502, 503, 515, 516, 519, 530, 533, 535, 546, 547], "excluded_lines": [], "start_line": 24}, "": {"executed_lines": [7, 8, 9, 10, 17, 18, 21, 24, 27, 28, 30, 37, 54, 55, 63, 78, 111, 141, 168, 227, 281, 296, 307, 311, 411, 466, 553, 568], "summary": {"covered_lines": 28, "num_statements": 35, "percent_covered": 80.0, "percent_covered_display": "80", "missing_lines": 7, "excluded_lines": 0, "percent_statements_covered": 80.0, "percent_statements_covered_display": "80"}, "missing_lines": [555, 556, 558, 559, 561, 562, 564], "excluded_lines": [], "start_line": 1}}}}, "totals": {"covered_lines": 1275, "num_statements": 1849, "percent_covered": 68.95619253650622, "percent_covered_display": "69", "missing_lines": 574, "excluded_lines": 0, "percent_statements_covered": 68.95619253650622, "percent_statements_covered_display": "69"}}